#
# There is insufficient memory for the Java Runtime Environment to continue.
# Native memory allocation (malloc) failed to allocate 32744 bytes for ChunkPool::allocate
# Possible reasons:
#   The system is out of physical RAM or swap space
#   In 32 bit mode, the process size limit was hit
# Possible solutions:
#   Reduce memory load on the system
#   Increase physical memory or swap space
#   Check if swap backing store is full
#   Use 64 bit Java on a 64 bit OS
#   Decrease Java heap size (-Xmx/-Xms)
#   Decrease number of Java threads
#   Decrease Java thread stack sizes (-Xss)
#   Set larger code cache with -XX:ReservedCodeCacheSize=
# This output file may be truncated or incomplete.
#
#  Out of Memory Error (allocation.cpp:273), pid=9952, tid=9052
#
# JRE version: Java(TM) SE Runtime Environment (8.0_45-b15) (build 1.8.0_45-b15)
# Java VM: Java HotSpot(TM) 64-Bit Server VM (25.45-b02 mixed mode windows-amd64 compressed oops)
# Failed to write core dump. Minidumps are not enabled by default on client versions of Windows
#

---------------  T H R E A D  ---------------

Current thread (0x000000000631b000):  JavaThread "C2 CompilerThread0" daemon [_thread_in_native, id=9052, stack(0x0000000007e60000,0x0000000007f60000)]

Stack: [0x0000000007e60000,0x0000000007f60000]
[error occurred during error reporting (printing stack bounds), id 0xc0000005]

Native frames: (J=compiled Java code, j=interpreted, Vv=VM code, C=native code)
V  [jvm.dll+0x32b57a]


Current CompileTask:
C2:   4658 2144       4       java.net.URLClassLoader$1::run (5 bytes)


---------------  P R O C E S S  ---------------

Java Threads: ( => current thread )
  0x00000000090cf000 JavaThread "File lock request listener" [_thread_in_native, id=9524, stack(0x000000000cc60000,0x000000000cd60000)]
  0x0000000008deb000 JavaThread "Stdin handler" [_thread_blocked, id=4464, stack(0x000000000a9a0000,0x000000000aaa0000)]
  0x0000000008de8000 JavaThread "Daemon worker" [_thread_in_vm, id=9880, stack(0x000000000b300000,0x000000000b400000)]
  0x0000000008e37000 JavaThread "Cancel handler" [_thread_blocked, id=9560, stack(0x000000000b200000,0x000000000b300000)]
  0x0000000008e2f000 JavaThread "Handler for socket connection from /127.0.0.1:56933 to /127.0.0.1:56934" [_thread_in_native, id=5216, stack(0x000000000a5d0000,0x000000000a6d0000)]
  0x0000000008b34000 JavaThread "Daemon" [_thread_blocked, id=8316, stack(0x000000000ae80000,0x000000000af80000)]
  0x0000000008a1a800 JavaThread "Incoming local TCP Connector on port 56933" [_thread_in_native, id=6928, stack(0x000000000a330000,0x000000000a430000)]
  0x0000000007625000 JavaThread "Service Thread" daemon [_thread_blocked, id=7340, stack(0x00000000080f0000,0x00000000081f0000)]
  0x00000000075bb800 JavaThread "C1 CompilerThread2" daemon [_thread_in_native, id=5088, stack(0x0000000007260000,0x0000000007360000)]
  0x00000000075ba800 JavaThread "C2 CompilerThread1" daemon [_thread_in_native, id=7472, stack(0x0000000007fa0000,0x00000000080a0000)]
=>0x000000000631b000 JavaThread "C2 CompilerThread0" daemon [_thread_in_native, id=9052, stack(0x0000000007e60000,0x0000000007f60000)]
  0x0000000006319800 JavaThread "Attach Listener" daemon [_thread_blocked, id=7244, stack(0x0000000007cb0000,0x0000000007db0000)]
  0x0000000007598800 JavaThread "Signal Dispatcher" daemon [_thread_blocked, id=9940, stack(0x0000000007ac0000,0x0000000007bc0000)]
  0x00000000062c9000 JavaThread "Finalizer" daemon [_thread_blocked, id=3776, stack(0x0000000007490000,0x0000000007590000)]
  0x00000000062c2000 JavaThread "Reference Handler" daemon [_thread_blocked, id=8136, stack(0x0000000007360000,0x0000000007460000)]
  0x00000000001af000 JavaThread "main" [_thread_blocked, id=9532, stack(0x0000000002810000,0x0000000002910000)]

Other Threads:
  0x00000000062bc800 VMThread [stack: 0x0000000007110000,0x0000000007210000] [id=6620]
  0x0000000007658800 WatcherThread [stack: 0x00000000079a0000,0x0000000007aa0000] [id=7784]

VM state:not at safepoint (normal execution)

VM Mutex/Monitor currently owned by a thread: None

Heap:
 PSYoungGen      total 101888K, used 89182K [0x00000000eab00000, 0x00000000f2880000, 0x0000000100000000)
  eden space 94208K, 92% used [0x00000000eab00000,0x00000000f005eab0,0x00000000f0700000)
  from space 7680K, 22% used [0x00000000f0e80000,0x00000000f1039100,0x00000000f1600000)
  to   space 7680K, 0% used [0x00000000f0700000,0x00000000f0700000,0x00000000f0e80000)
 ParOldGen       total 40448K, used 10580K [0x00000000c0000000, 0x00000000c2780000, 0x00000000eab00000)
  object space 40448K, 26% used [0x00000000c0000000,0x00000000c0a55078,0x00000000c2780000)
 Metaspace       used 22472K, capacity 22976K, committed 23168K, reserved 1069056K
  class space    used 2938K, capacity 3119K, committed 3200K, reserved 1048576K

Card table byte_map: [0x0000000002cd0000,0x0000000002ee0000] byte_map_base: 0x00000000026d0000

Marking Bits: (ParMarkBitMap*) 0x0000000062944040
 Begin Bits: [0x0000000003730000, 0x0000000004730000)
 End Bits:   [0x0000000004730000, 0x0000000005730000)

Polling page: 0x0000000000140000

CodeCache: size=245760Kb used=8795Kb max_used=8795Kb free=236964Kb
 bounds [0x000000000f010000, 0x000000000f8b0000, 0x000000001e010000]
 total_blobs=2802 nmethods=2184 adapters=530
 compilation: enabled

Compilation events (10 events):
Event: 4.114 Thread 0x00000000075bb800 2186       3       groovy.lang.GroovyClassLoader::access$100 (7 bytes)
Event: 4.114 Thread 0x00000000075bb800 nmethod 2186 0x000000000f8a8690 code [0x000000000f8a8800, 0x000000000f8a8968]
Event: 4.187 Thread 0x00000000075bb800 2187       3       org.codehaus.groovy.control.CompilerConfiguration::getScriptExtensions (38 bytes)
Event: 4.188 Thread 0x00000000075bb800 nmethod 2187 0x000000000f8a8a50 code [0x000000000f8a8c60, 0x000000000f8a98b8]
Event: 4.188 Thread 0x00000000075bb800 2188       3       groovy.lang.GroovyClassLoader::getSourceFile (63 bytes)
Event: 4.189 Thread 0x00000000075bb800 nmethod 2188 0x000000000f8a9e50 code [0x000000000f8aa080, 0x000000000f8aad38]
Event: 4.189 Thread 0x00000000075bb800 2189       3       org.gradle.internal.classloader.FilteringClassLoader::getResource (22 bytes)
Event: 4.189 Thread 0x00000000075bb800 nmethod 2189 0x000000000f8ab250 code [0x000000000f8ab3e0, 0x000000000f8ab6a8]
Event: 4.283 Thread 0x00000000075bb800 2191       1       org.codehaus.groovy.util.ManagedConcurrentMap$EntryWithValue::getValue (5 bytes)
Event: 4.283 Thread 0x00000000075bb800 nmethod 2191 0x000000000f8ab790 code [0x000000000f8ab8e0, 0x000000000f8ab9f0]

GC Heap History (10 events):
Event: 2.680 GC heap before
{Heap before GC invocations=5 (full 0):
 PSYoungGen      total 35328K, used 35304K [0x00000000eab00000, 0x00000000ed000000, 0x0000000100000000)
  eden space 32768K, 100% used [0x00000000eab00000,0x00000000ecb00000,0x00000000ecb00000)
  from space 2560K, 99% used [0x00000000ecd80000,0x00000000ecffa020,0x00000000ed000000)
  to   space 2560K, 0% used [0x00000000ecb00000,0x00000000ecb00000,0x00000000ecd80000)
 ParOldGen       total 44032K, used 6626K [0x00000000c0000000, 0x00000000c2b00000, 0x00000000eab00000)
  object space 44032K, 15% used [0x00000000c0000000,0x00000000c0678a68,0x00000000c2b00000)
 Metaspace       used 18696K, capacity 19138K, committed 19456K, reserved 1067008K
  class space    used 2565K, capacity 2699K, committed 2816K, reserved 1048576K
Event: 2.689 GC heap after
Heap after GC invocations=5 (full 0):
 PSYoungGen      total 35328K, used 2552K [0x00000000eab00000, 0x00000000efa00000, 0x0000000100000000)
  eden space 32768K, 0% used [0x00000000eab00000,0x00000000eab00000,0x00000000ecb00000)
  from space 2560K, 99% used [0x00000000ecb00000,0x00000000ecd7e050,0x00000000ecd80000)
  to   space 7680K, 0% used [0x00000000ef280000,0x00000000ef280000,0x00000000efa00000)
 ParOldGen       total 44032K, used 11263K [0x00000000c0000000, 0x00000000c2b00000, 0x00000000eab00000)
  object space 44032K, 25% used [0x00000000c0000000,0x00000000c0affe48,0x00000000c2b00000)
 Metaspace       used 18696K, capacity 19138K, committed 19456K, reserved 1067008K
  class space    used 2565K, capacity 2699K, committed 2816K, reserved 1048576K
}
Event: 3.116 GC heap before
{Heap before GC invocations=6 (full 0):
 PSYoungGen      total 35328K, used 18703K [0x00000000eab00000, 0x00000000efa00000, 0x0000000100000000)
  eden space 32768K, 49% used [0x00000000eab00000,0x00000000ebac5d08,0x00000000ecb00000)
  from space 2560K, 99% used [0x00000000ecb00000,0x00000000ecd7e050,0x00000000ecd80000)
  to   space 7680K, 0% used [0x00000000ef280000,0x00000000ef280000,0x00000000efa00000)
 ParOldGen       total 44032K, used 11263K [0x00000000c0000000, 0x00000000c2b00000, 0x00000000eab00000)
  object space 44032K, 25% used [0x00000000c0000000,0x00000000c0affe48,0x00000000c2b00000)
 Metaspace       used 20560K, capacity 21082K, committed 21248K, reserved 1067008K
  class space    used 2765K, capacity 2958K, committed 3072K, reserved 1048576K
Event: 3.124 GC heap after
Heap after GC invocations=6 (full 0):
 PSYoungGen      total 73216K, used 4619K [0x00000000eab00000, 0x00000000efa00000, 0x0000000100000000)
  eden space 65536K, 0% used [0x00000000eab00000,0x00000000eab00000,0x00000000eeb00000)
  from space 7680K, 60% used [0x00000000ef280000,0x00000000ef702c58,0x00000000efa00000)
  to   space 7680K, 0% used [0x00000000eeb00000,0x00000000eeb00000,0x00000000ef280000)
 ParOldGen       total 44032K, used 11263K [0x00000000c0000000, 0x00000000c2b00000, 0x00000000eab00000)
  object space 44032K, 25% used [0x00000000c0000000,0x00000000c0affe48,0x00000000c2b00000)
 Metaspace       used 20560K, capacity 21082K, committed 21248K, reserved 1067008K
  class space    used 2765K, capacity 2958K, committed 3072K, reserved 1048576K
}
Event: 3.124 GC heap before
{Heap before GC invocations=7 (full 1):
 PSYoungGen      total 73216K, used 4619K [0x00000000eab00000, 0x00000000efa00000, 0x0000000100000000)
  eden space 65536K, 0% used [0x00000000eab00000,0x00000000eab00000,0x00000000eeb00000)
  from space 7680K, 60% used [0x00000000ef280000,0x00000000ef702c58,0x00000000efa00000)
  to   space 7680K, 0% used [0x00000000eeb00000,0x00000000eeb00000,0x00000000ef280000)
 ParOldGen       total 44032K, used 11263K [0x00000000c0000000, 0x00000000c2b00000, 0x00000000eab00000)
  object space 44032K, 25% used [0x00000000c0000000,0x00000000c0affe48,0x00000000c2b00000)
 Metaspace       used 20560K, capacity 21082K, committed 21248K, reserved 1067008K
  class space    used 2765K, capacity 2958K, committed 3072K, reserved 1048576K
Event: 3.172 GC heap after
Heap after GC invocations=7 (full 1):
 PSYoungGen      total 73216K, used 0K [0x00000000eab00000, 0x00000000efa00000, 0x0000000100000000)
  eden space 65536K, 0% used [0x00000000eab00000,0x00000000eab00000,0x00000000eeb00000)
  from space 7680K, 0% used [0x00000000ef280000,0x00000000ef280000,0x00000000efa00000)
  to   space 7680K, 0% used [0x00000000eeb00000,0x00000000eeb00000,0x00000000ef280000)
 ParOldGen       total 40448K, used 10572K [0x00000000c0000000, 0x00000000c2780000, 0x00000000eab00000)
  object space 40448K, 26% used [0x00000000c0000000,0x00000000c0a53078,0x00000000c2780000)
 Metaspace       used 20560K, capacity 21082K, committed 21248K, reserved 1067008K
  class space    used 2765K, capacity 2958K, committed 3072K, reserved 1048576K
}
Event: 3.773 GC heap before
{Heap before GC invocations=8 (full 1):
 PSYoungGen      total 73216K, used 65536K [0x00000000eab00000, 0x00000000efa00000, 0x0000000100000000)
  eden space 65536K, 100% used [0x00000000eab00000,0x00000000eeb00000,0x00000000eeb00000)
  from space 7680K, 0% used [0x00000000ef280000,0x00000000ef280000,0x00000000efa00000)
  to   space 7680K, 0% used [0x00000000eeb00000,0x00000000eeb00000,0x00000000ef280000)
 ParOldGen       total 40448K, used 10572K [0x00000000c0000000, 0x00000000c2780000, 0x00000000eab00000)
  object space 40448K, 26% used [0x00000000c0000000,0x00000000c0a53078,0x00000000c2780000)
 Metaspace       used 22442K, capacity 22976K, committed 23168K, reserved 1069056K
  class space    used 2936K, capacity 3119K, committed 3200K, reserved 1048576K
Event: 3.777 GC heap after
Heap after GC invocations=8 (full 1):
 PSYoungGen      total 73216K, used 2405K [0x00000000eab00000, 0x00000000f1600000, 0x0000000100000000)
  eden space 65536K, 0% used [0x00000000eab00000,0x00000000eab00000,0x00000000eeb00000)
  from space 7680K, 31% used [0x00000000eeb00000,0x00000000eed59598,0x00000000ef280000)
  to   space 7680K, 0% used [0x00000000f0e80000,0x00000000f0e80000,0x00000000f1600000)
 ParOldGen       total 40448K, used 10580K [0x00000000c0000000, 0x00000000c2780000, 0x00000000eab00000)
  object space 40448K, 26% used [0x00000000c0000000,0x00000000c0a55078,0x00000000c2780000)
 Metaspace       used 22442K, capacity 22976K, committed 23168K, reserved 1069056K
  class space    used 2936K, capacity 3119K, committed 3200K, reserved 1048576K
}
Event: 4.056 GC heap before
{Heap before GC invocations=9 (full 1):
 PSYoungGen      total 73216K, used 67941K [0x00000000eab00000, 0x00000000f1600000, 0x0000000100000000)
  eden space 65536K, 100% used [0x00000000eab00000,0x00000000eeb00000,0x00000000eeb00000)
  from space 7680K, 31% used [0x00000000eeb00000,0x00000000eed59598,0x00000000ef280000)
  to   space 7680K, 0% used [0x00000000f0e80000,0x00000000f0e80000,0x00000000f1600000)
 ParOldGen       total 40448K, used 10580K [0x00000000c0000000, 0x00000000c2780000, 0x00000000eab00000)
  object space 40448K, 26% used [0x00000000c0000000,0x00000000c0a55078,0x00000000c2780000)
 Metaspace       used 22462K, capacity 22976K, committed 23168K, reserved 1069056K
  class space    used 2937K, capacity 3119K, committed 3200K, reserved 1048576K
Event: 4.094 GC heap after
Heap after GC invocations=9 (full 1):
 PSYoungGen      total 101888K, used 1764K [0x00000000eab00000, 0x00000000f2880000, 0x0000000100000000)
  eden space 94208K, 0% used [0x00000000eab00000,0x00000000eab00000,0x00000000f0700000)
  from space 7680K, 22% used [0x00000000f0e80000,0x00000000f1039100,0x00000000f1600000)
  to   space 7680K, 0% used [0x00000000f0700000,0x00000000f0700000,0x00000000f0e80000)
 ParOldGen       total 40448K, used 10580K [0x00000000c0000000, 0x00000000c2780000, 0x00000000eab00000)
  object space 40448K, 26% used [0x00000000c0000000,0x00000000c0a55078,0x00000000c2780000)
 Metaspace       used 22462K, capacity 22976K, committed 23168K, reserved 1069056K
  class space    used 2937K, capacity 3119K, committed 3200K, reserved 1048576K
}

Deoptimization events (10 events):
Event: 3.022 Thread 0x0000000008de8000 Uncommon trap: reason=class_check action=maybe_recompile pc=0x000000000f3751dc method=sun.misc.URLClassPath.getResource(Ljava/lang/String;Z)Lsun/misc/Resource; @ 62
Event: 3.049 Thread 0x0000000008de8000 Uncommon trap: reason=class_check action=maybe_recompile pc=0x000000000f363eb4 method=sun.misc.URLClassPath.getLoader(I)Lsun/misc/URLClassPath$Loader; @ 193
Event: 3.050 Thread 0x0000000008de8000 Uncommon trap: reason=class_check action=maybe_recompile pc=0x000000000f363eb4 method=sun.misc.URLClassPath.getLoader(I)Lsun/misc/URLClassPath$Loader; @ 193
Event: 3.055 Thread 0x0000000008de8000 Uncommon trap: reason=class_check action=maybe_recompile pc=0x000000000f363eb4 method=sun.misc.URLClassPath.getLoader(I)Lsun/misc/URLClassPath$Loader; @ 193
Event: 3.479 Thread 0x0000000008de8000 Uncommon trap: reason=unstable_if action=reinterpret pc=0x000000000f7348c0 method=groovyjarjarantlr.CharQueue.append(C)V @ 9
Event: 3.481 Thread 0x0000000008de8000 Uncommon trap: reason=unstable_if action=reinterpret pc=0x000000000f73324c method=groovyjarjarantlr.TokenQueue.append(Lgroovyjarjarantlr/Token;)V @ 9
Event: 3.481 Thread 0x0000000008de8000 Uncommon trap: reason=unstable_if action=reinterpret pc=0x000000000f7305f4 method=groovyjarjarantlr.TokenQueue.append(Lgroovyjarjarantlr/Token;)V @ 9
Event: 3.993 Thread 0x0000000008de8000 Uncommon trap: reason=unstable_if action=reinterpret pc=0x000000000f813a0c method=org.codehaus.groovy.ast.ClassNode.redirect()Lorg/codehaus/groovy/ast/ClassNode; @ 4
Event: 4.003 Thread 0x0000000008de8000 Uncommon trap: reason=unstable_if action=reinterpret pc=0x000000000f819a8c method=org.codehaus.groovy.ast.ClassNode.redirect()Lorg/codehaus/groovy/ast/ClassNode; @ 4
Event: 4.011 Thread 0x0000000008de8000 Uncommon trap: reason=unstable_if action=reinterpret pc=0x000000000f2bbce0 method=java.util.LinkedHashMap.afterNodeInsertion(Z)V @ 1

Internal exceptions (10 events):
Event: 3.058 Thread 0x0000000008de8000 Exception <a 'java/lang/ClassNotFoundException': groovy/lang/Closure$1BeanInfo> (0x00000000eb6835a8) thrown at [C:\re\workspace\8-2-build-windows-amd64-cygwin\jdk8u45\3627\hotspot\src\share\vm\classfile\systemDictionary.cpp, line 210]
Event: 3.059 Thread 0x0000000008de8000 Exception <a 'java/lang/ClassNotFoundException': groovy/lang/ClosureBeanInfo> (0x00000000eb695860) thrown at [C:\re\workspace\8-2-build-windows-amd64-cygwin\jdk8u45\3627\hotspot\src\share\vm\classfile\systemDictionary.cpp, line 210]
Event: 3.060 Thread 0x0000000008de8000 Exception <a 'java/lang/ClassNotFoundException': groovy/lang/ClosureCustomizer> (0x00000000eb6a8378) thrown at [C:\re\workspace\8-2-build-windows-amd64-cygwin\jdk8u45\3627\hotspot\src\share\vm\classfile\systemDictionary.cpp, line 210]
Event: 3.064 Thread 0x0000000008de8000 Exception <a 'java/lang/ClassNotFoundException': groovy/lang/Closure$1Customizer> (0x00000000eb6e2748) thrown at [C:\re\workspace\8-2-build-windows-amd64-cygwin\jdk8u45\3627\hotspot\src\share\vm\classfile\systemDictionary.cpp, line 210]
Event: 3.183 Thread 0x0000000008de8000 Exception <a 'java/lang/ClassNotFoundException': org/gradle/invocation/DefaultGradle_DecoratedBeanInfo> (0x00000000eab895f8) thrown at [C:\re\workspace\8-2-build-windows-amd64-cygwin\jdk8u45\3627\hotspot\src\share\vm\classfile\systemDictionary.cpp, line 21©“ ˜Nw	@
Event: 3.183 Thread 0x0000000008de8000 Exception <a 'java/lang/ClassNotFoundException': org/gradle/invocation/DefaultGradleBeanInfo> (0x00000000eaba0f70) thrown at [C:\re\workspace\8-2-build-windows-amd64-cygwin\jdk8u45\3627\hotspot\src\share\vm\classfile\systemDictionary.cpp, line 210]
Event: 3.184 Thread 0x0000000008de8000 Exception <a 'java/lang/ClassNotFoundException': org/gradle/api/internal/project/AbstractPluginAwareBeanInfo> (0x00000000eabbdf68) thrown at [C:\re\workspace\8-2-build-windows-amd64-cygwin\jdk8u45\3627\hotspot\src\share\vm\classfile\systemDictionary.cpp, l;∑F6ÿx	@
Event: 3.184 Thread 0x0000000008de8000 Exception <a 'java/lang/ClassNotFoundException': org/gradle/api/internal/project/AbstractPluginAwareCustomizer> (0x00000000eabdb528) thrown at [C:\re\workspace\8-2-build-windows-amd64-cygwin\jdk8u45\3627\hotspot\src\share\vm\classfile\systemDictionary.cpp,ßﬁù0Uz	@
Event: 3.185 Thread 0x0000000008de8000 Exception <a 'java/lang/ClassNotFoundException': org/gradle/invocation/DefaultGradleCustomizer> (0x00000000eabf68f8) thrown at [C:\re\workspace\8-2-build-windows-amd64-cygwin\jdk8u45\3627\hotspot\src\share\vm\classfile\systemDictionary.cpp, line 210]
Event: 3.186 Thread 0x0000000008de8000 Exception <a 'java/lang/ClassNotFoundException': org/gradle/invocation/DefaultGradle_DecoratedCustomizer> (0x00000000eac317d0) thrown at [C:\re\workspace\8-2-build-windows-amd64-cygwin\jdk8u45\3627\hotspot\src\share\vm\classfile\systemDictionary.cpp, line 

Events (10 events):
Event: 4.412 loading class org/gradle/plugins/ear/descriptor/Class
Event: 4.412 loading class org/gradle/plugins/ear/descriptor/Class done
Event: 4.413 loading class org/gradle/plugins/ide/api/Class
Event: 4.413 loading class org/gradle/plugins/ide/api/Class done
Event: 4.413 loading class org/gradle/plugins/ide/api/Class
Event: 4.413 loading class org/gradle/plugins/ide/api/Class done
Event: 4.413 loading class org/gradle/plugins/ide/eclipse/Class
Event: 4.413 loading class org/gradle/plugins/ide/eclipse/Class done
Event: 4.413 loading class org/gradle/plugins/ide/eclipse/Class
Event: 4.413 loading class org/gradle/plugins/ide/eclipse/Class done


Dynamic libraries:
0x000000013fec0000 - 0x000000013fef7000 	C:\Program Files\Java\jdk1.8.0_45\bin\java.exe
0x00000000770e0000 - 0x0000000077289000 	C:\windows\SYSTEM32\ntdll.dll
0x0000000076fc0000 - 0x00000000770df000 	C:\windows\system32\kernel32.dll
0x000007fefd630000 - 0x000007fefd69c000 	C:\windows\system32\KERNELBASE.dll
0x000007fefec60000 - 0x000007fefed3b000 	C:\windows\system32\ADVAPI32.dll
0x000007fefe910000 - 0x000007fefe9af000 	C:\windows\system32\msvcrt.dll
0x000007fefe9b0000 - 0x000007fefe9cf000 	C:\windows\SYSTEM32\sechost.dll
0x000007feff010000 - 0x000007feff13d000 	C:\windows\system32\RPCRT4.dll
0x0000000076b50000 - 0x0000000076c4a000 	C:\windows\system32\USER32.dll
0x000007fefe8a0000 - 0x000007fefe907000 	C:\windows\system32\GDI32.dll
0x000007feff1f0000 - 0x000007feff1fe000 	C:\windows\system32\LPK.dll
0x000007fefef20000 - 0x000007fefefe9000 	C:\windows\system32\USP10.dll
0x000007fefbb50000 - 0x000007fefbd44000 	C:\windows\WinSxS\amd64_microsoft.windows.common-controls_6595b64144ccf1df_6.0.7601.17514_none_fa396087175ac9ac\COMCTL32.dll
0x000007fefebe0000 - 0x000007fefec51000 	C:\windows\system32\SHLWAPI.dll
0x000007fefda90000 - 0x000007fefdabe000 	C:\windows\system32\IMM32.DLL
0x000007feff2e0000 - 0x000007feff3e9000 	C:\windows\system32\MSCTF.dll
0x000007fefd500000 - 0x000007fefd531000 	C:\Windows\system32\nvinitx.dll
0x000000000f000000 - 0x000000000f006000 	C:\Program Files\NVIDIA Corporation\CoProcManager\detoured.dll
0x000007fefa150000 - 0x000007fefa182000 	C:\Program Files\NVIDIA Corporation\CoProcManager\nvd3d9wrapx.dll
0x000007fefed40000 - 0x000007fefef17000 	C:\windows\system32\SETUPAPI.dll
0x000007fefd5f0000 - 0x000007fefd626000 	C:\windows\system32\CFGMGR32.dll
0x000007feff200000 - 0x000007feff2d7000 	C:\windows\system32\OLEAUT32.dll
0x000007fefe9d0000 - 0x000007fefebd3000 	C:\windows\system32\ole32.dll
0x000007fefd6a0000 - 0x000007fefd6ba000 	C:\windows\system32\DEVOBJ.dll
0x000007fefa120000 - 0x000007fefa142000 	C:\Program Files\NVIDIA Corporation\CoProcManager\nvdxgiwrapx.dll
0x00000000603d0000 - 0x00000000604a2000 	C:\Program Files\Java\jdk1.8.0_45\jre\bin\msvcr100.dll
0x0000000062140000 - 0x00000000629c3000 	C:\Program Files\Java\jdk1.8.0_45\jre\bin\server\jvm.dll
0x000007fef9cf0000 - 0x000007fef9cf9000 	C:\windows\system32\WSOCK32.dll
0x000007fefe850000 - 0x000007fefe89d000 	C:\windows\system32\WS2_32.dll
0x000007feff1e0000 - 0x000007feff1e8000 	C:\windows\system32\NSI.dll
0x000007fefa040000 - 0x000007fefa07b000 	C:\windows\system32\WINMM.dll
0x000007fefc730000 - 0x000007fefc73c000 	C:\windows\system32\VERSION.dll
0x00000000772a0000 - 0x00000000772a7000 	C:\windows\system32\PSAPI.DLL
0x00000000630f0000 - 0x00000000630ff000 	C:\Program Files\Java\jdk1.8.0_45\jre\bin\verify.dll
0x0000000062110000 - 0x0000000062139000 	C:\Program Files\Java\jdk1.8.0_45\jre\bin\java.dll
0x00000000630d0000 - 0x00000000630e6000 	C:\Program Files\Java\jdk1.8.0_45\jre\bin\zip.dll
0x000007fefdac0000 - 0x000007fefe848000 	C:\windows\system32\SHELL32.dll
0x000007fefd540000 - 0x000007fefd54f000 	C:\windows\system32\profapi.dll
0x000007fefcf00000 - 0x000007fefcf17000 	C:\windows\system32\CRYPTSP.dll
0x000007fefca40000 - 0x000007fefca87000 	C:\windows\system32\rsaenh.dll
0x000007fefc920000 - 0x000007fefc93e000 	C:\windows\system32\USERENV.dll
0x000007fefd430000 - 0x000007fefd43f000 	C:\windows\system32\CRYPTBASE.dll
0x00000000620f0000 - 0x000000006210a000 	C:\Program Files\Java\jdk1.8.0_45\jre\bin\net.dll
0x0000000180000000 - 0x0000000180077000 	C:\Windows\system32\ASProxy64.dll
0x000007fefcd20000 - 0x000007fefcd75000 	C:\windows\system32\MSWSOCK.dll
0x000007fefc750000 - 0x000007fefc777000 	C:\windows\system32\IPHLPAPI.DLL
0x000007fefc740000 - 0x000007fefc74b000 	C:\windows\system32\WINNSI.DLL
0x000007fefd3a0000 - 0x000007fefd3c5000 	C:\windows\system32\SspiCli.dll
0x000007fefbac0000 - 0x000007fefbb16000 	C:\windows\system32\uxtheme.dll
0x000007fefd9f0000 - 0x000007fefda89000 	C:\windows\system32\CLBCatQ.DLL
0x000007fefd4e0000 - 0x000007fefd4f4000 	C:\windows\system32\RpcRtRemote.dll
0x000007fefd440000 - 0x000007fefd4d1000 	C:\windows\system32\SXS.DLL
0x000007fefcef0000 - 0x000007fefcef7000 	C:\windows\System32\wship6.dll
0x000007fefb010000 - 0x000007fefb028000 	C:\windows\system32\dhcpcsvc.DLL
0x000007fefaff0000 - 0x000007fefb001000 	C:\windows\system32\dhcpcsvc6.DLL
0x00000000620d0000 - 0x00000000620e1000 	C:\Program Files\Java\jdk1.8.0_45\jre\bin\nio.dll
0x000007fef4710000 - 0x000007fef4722000 	C:\Users\Administrator\AppData\Local\Temp\native-platform3474118646215022499dir\native-platform.dll
0x000007fefd3d0000 - 0x000007fefd427000 	C:\windows\system32\apphelp.dll

VM Arguments:
jvm_args: -XX:MaxPermSize=256m -XX:+HeapDumpOnOutOfMemoryError -Xmx1024m -Dfile.encoding=GBK -Duser.country=CN -Duser.language=zh -Duser.variant 
java_command: org.gradle.launcher.daemon.bootstrap.GradleDaemon 2.2.1 C:\Users\Administrator\.gradle\daemon 10800000 c39748a7-e9d8-461b-9a60-14cab7098966 -XX:MaxPermSize=256m -XX:+HeapDumpOnOutOfMemoryError -Xmx1024m -Dfile.encoding=GBK -Duser.country=CN -Duser.language=zh -Duser.variant
java_class_path (initial): C:\Users\Administrator\.gradle\wrapper\dists\gradle-2.2.1-all\c64ydeuardnfqctvr1gm30w53\gradle-2.2.1\lib\gradle-launcher-2.2.1.jar
Launcher Type: SUN_STANDARD

Environment Variables:
JAVA_HOME=C:\Program Files\Java\jdk1.8.0_45
PATH=C:\ProgramData\Oracle\Java\javapath;C:\windows\system32;C:\windows;C:\windows\System32\Wbem;C:\windows\System32\WindowsPowerShell\v1.0\;%ANDROID_HOME%\tools;%ANDROID_HOME%\platform-tools;C:\Program Files\Java\jdk1.8.0_45\bin;D:\œ¬‘ÿ”¶”√≥Ã–Ú\gradle-2.4\bin;D:\œ¬‘ÿ”¶”√≥Ã–Ú\apache-maven-3.3.3\bin
USERNAME=Administrator
OS=Windows_NT
PROCESSOR_IDENTIFIER=Intel64 Family 6 Model 60 Stepping 3, GenuineIntel



---------------  S Y S T E M  ---------------

OS: Windows 7 , 64 bit Build 7601 (6.1.7601.18409)

CPU:total 4 (2 cores per cpu, 2 threads per core) family 6 model 60 stepping 3, cmov, cx8, fxsr, mmx, sse, sse2, sse3, ssse3, sse4.1, sse4.2, popcnt, avx, avx2, aes, clmul, erms, lzcnt, ht, tsc, tscinvbit, bmi1, bmi2

Memory: 4k page, physical 4120932k(223328k free), swap 6216220k(5076k free)

vm_info: Java HotSpot(TM) 64-Bit Server VM (25.45-b02) for windows-amd64 JRE (1.8.0_45-b15), built on Apr 30 2015 12:40:44 by "java_re" with MS VC++ 10.0 (VS2010)

time: Mon Jul 06 10:04:39 2015
elapsed time: 4 seconds (0d 0h 0m 4s)

