#
# There is insufficient memory for the Java Runtime Environment to continue.
# Native memory allocation (malloc) failed to allocate 32744 bytes for ChunkPool::allocate
# Possible reasons:
#   The system is out of physical RAM or swap space
#   In 32 bit mode, the process size limit was hit
# Possible solutions:
#   Reduce memory load on the system
#   Increase physical memory or swap space
#   Check if swap backing store is full
#   Use 64 bit Java on a 64 bit OS
#   Decrease Java heap size (-Xmx/-Xms)
#   Decrease number of Java threads
#   Decrease Java thread stack sizes (-Xss)
#   Set larger code cache with -XX:ReservedCodeCacheSize=
# This output file may be truncated or incomplete.
#
#  Out of Memory Error (allocation.cpp:273), pid=4692, tid=9916
#
# JRE version: Java(TM) SE Runtime Environment (8.0_45-b15) (build 1.8.0_45-b15)
# Java VM: Java HotSpot(TM) 64-Bit Server VM (25.45-b02 mixed mode windows-amd64 compressed oops)
# Failed to write core dump. Minidumps are not enabled by default on client versions of Windows
#

---------------  T H R E A D  ---------------

Current thread (0x0000000007556000):  JavaThread "C1 CompilerThread2" daemon [_thread_in_native, id=9916, stack(0x0000000007ee0000,0x0000000007fe0000)]

Stack: [0x0000000007ee0000,0x0000000007fe0000]
Native frames: (J=compiled Java code, j=interpreted, Vv=VM code, C=native code)
V  [jvm.dll+0x32b57a]
V  [jvm.dll+0x279873]
V  [jvm.dll+0x27a509]
V  [jvm.dll+0x271825]
V  [jvm.dll+0xcb804]
V  [jvm.dll+0xcba27]
V  [jvm.dll+0xcbeac]
V  [jvm.dll+0x40c432]
V  [jvm.dll+0x412548]
V  [jvm.dll+0x414500]
V  [jvm.dll+0x417530]
V  [jvm.dll+0x417af8]
V  [jvm.dll+0x4137cf]
V  [jvm.dll+0x4161b7]
V  [jvm.dll+0x41697b]
V  [jvm.dll+0x417897]
V  [jvm.dll+0x417af8]
V  [jvm.dll+0x4137cf]
V  [jvm.dll+0x4161b7]
V  [jvm.dll+0x416aad]
V  [jvm.dll+0x416ea2]
V  [jvm.dll+0x41bf95]
V  [jvm.dll+0x41c0a0]
V  [jvm.dll+0x405f48]
V  [jvm.dll+0x4061b1]
V  [jvm.dll+0x406372]
V  [jvm.dll+0x406541]
V  [jvm.dll+0x40674f]
V  [jvm.dll+0xa4352]
V  [jvm.dll+0xa4c8f]
V  [jvm.dll+0x241984]
V  [jvm.dll+0x29853a]
C  [msvcr100.dll+0x21d9f]
C  [msvcr100.dll+0x21e3b]
C  [kernel32.dll+0x159ed]
C  [ntdll.dll+0x2c541]


Current CompileTask:
C1:  16926  520   !   3       com.android.dx.cf.code.BytecodeArray::parseInstruction (2764 bytes)


---------------  P R O C E S S  ---------------

Java Threads: ( => current thread )
  0x00000000075b3000 JavaThread "Service Thread" daemon [_thread_blocked, id=7920, stack(0x0000000008100000,0x0000000008200000)]
=>0x0000000007556000 JavaThread "C1 CompilerThread2" daemon [_thread_in_native, id=9916, stack(0x0000000007ee0000,0x0000000007fe0000)]
  0x0000000007555000 JavaThread "C2 CompilerThread1" daemon [_thread_blocked, id=6700, stack(0x0000000007d30000,0x0000000007e30000)]
  0x00000000061ad000 JavaThread "C2 CompilerThread0" daemon [_thread_in_native, id=6420, stack(0x0000000007bf0000,0x0000000007cf0000)]
  0x00000000061ac000 JavaThread "Attach Listener" daemon [_thread_blocked, id=792, stack(0x0000000007340000,0x0000000007440000)]
  0x0000000007548800 JavaThread "Signal Dispatcher" daemon [_thread_blocked, id=9984, stack(0x0000000007a40000,0x0000000007b40000)]
  0x0000000006146800 JavaThread "Finalizer" daemon [_thread_blocked, id=6708, stack(0x00000000070e0000,0x00000000071e0000)]
  0x000000000613f800 JavaThread "Reference Handler" daemon [_thread_blocked, id=1872, stack(0x0000000007440000,0x0000000007540000)]
  0x000000000265e000 JavaThread "main" [_thread_in_vm, id=4588, stack(0x0000000002720000,0x0000000002820000)]

Other Threads:
  0x000000000613a000 VMThread [stack: 0x00000000071e0000,0x00000000072e0000] [id=3384]
  0x00000000075c7000 WatcherThread [stack: 0x00000000082f0000,0x00000000083f0000] [id=8756]

VM state:synchronizing (normal execution)

VM Mutex/Monitor currently owned by a thread:  ([mutex/lock_event])
[0x000000000265c260] Threads_lock - owner thread: 0x000000000613a000

Heap:
 PSYoungGen      total 18944K, used 9644K [0x00000000eab00000, 0x00000000ec000000, 0x0000000100000000)
  eden space 16384K, 58% used [0x00000000eab00000,0x00000000eb46b0f8,0x00000000ebb00000)
  from space 2560K, 0% used [0x00000000ebd80000,0x00000000ebd80000,0x00000000ec000000)
  to   space 2560K, 0% used [0x00000000ebb00000,0x00000000ebb00000,0x00000000ebd80000)
 ParOldGen       total 44032K, used 0K [0x00000000c0000000, 0x00000000c2b00000, 0x00000000eab00000)
  object space 44032K, 0% used [0x00000000c0000000,0x00000000c0000000,0x00000000c2b00000)
 Metaspace       used 5098K, capacity 6384K, committed 6528K, reserved 1056768K
  class space    used 548K, capacity 616K, committed 640K, reserved 1048576K

Card table byte_map: [0x0000000002be0000,0x0000000002df0000] byte_map_base: 0x00000000025e0000

Marking Bits: (ParMarkBitMap*) 0x0000000062944040
 Begin Bits: [0x00000000035b0000, 0x00000000045b0000)
 End Bits:   [0x00000000045b0000, 0x00000000055b0000)

Polling page: 0x0000000000430000

CodeCache: size=245760Kb used=1995Kb max_used=1998Kb free=243764Kb
 bounds [0x000000000f010000, 0x000000000f280000, 0x000000001e010000]
 total_blobs=785 nmethods=518 adapters=180
 compilation: enabled

Compilation events (10 events):
Event: 1.018 Thread 0x00000000061ad000  514       4       com.android.dx.util.ByteArray::checkOffsets (66 bytes)
Event: 1.019 Thread 0x00000000061ad000 nmethod 514 0x000000000f203fd0 code [0x000000000f204100, 0x000000000f2041b8]
Event: 1.019 Thread 0x0000000007556000  517   !   3       com.android.dx.rop.cst.StdConstantPool::getOrNull (13 bytes)
Event: 1.019 Thread 0x0000000007556000 nmethod 517 0x000000000f202d50 code [0x000000000f202f40, 0x000000000f203828]
Event: 1.019 Thread 0x0000000007556000  515       1       com.android.dx.rop.type.Prototype::getDescriptor (5 bytes)
Event: 1.019 Thread 0x0000000007556000 nmethod 515 0x000000000f202a90 code [0x000000000f202be0, 0x000000000f202cf0]
Event: 1.027 Thread 0x00000000061ad000  532       4       java.util.ArrayList::add (29 bytes)
Event: 1.027 Thread 0x0000000007556000  518       3       com.android.dx.cf.iface.StdAttributeList::findFirst (44 bytes)
Event: 1.028 Thread 0x0000000007556000 nmethod 518 0x000000000f201f10 code [0x000000000f2020c0, 0x000000000f202818]
Event: 1.028 Thread 0x0000000007556000  520   !   3       com.android.dx.cf.code.BytecodeArray::parseInstruction (2764 bytes)

GC Heap History (0 events):
No events

Deoptimization events (1 events):
Event: 0.997 Thread 0x000000000265e000 Uncommon trap: reason=unstable_if action=reinterpret pc=0x000000000f1daa24 method=java.util.HashMap.getNode(ILjava/lang/Object;)Ljava/util/HashMap$Node; @ 62

Internal exceptions (2 events):
Event: 0.148 Thread 0x000000000265e000 Exception <a 'java/lang/NoSuchMethodError': Method sun.misc.Unsafe.defineClass(Ljava/lang/String;[BII)Ljava/lang/Class; name or signature does not match> (0x00000000eab12f48) thrown at [C:\re\workspace\8-2-build-windows-amd64-cygwin\jdk8u45\3627\hotspot\sr}w瞅袈?
Event: 0.148 Thread 0x000000000265e000 Exception <a 'java/lang/NoSuchMethodError': Method sun.misc.Unsafe.prefetchRead(Ljava/lang/Object;J)V name or signature does not match> (0x00000000eab131d8) thrown at [C:\re\workspace\8-2-build-windows-amd64-cygwin\jdk8u45\3627\hotspot\src\share\vm\prims\j

Events (10 events):
Event: 0.997 Thread 0x000000000265e000 DEOPT PACKING pc=0x000000000f1daa24 sp=0x000000000281e9f0
Event: 0.997 Thread 0x000000000265e000 DEOPT UNPACKING pc=0x000000000f05582a sp=0x000000000281e968 mode 2
Event: 1.015 loading class com/android/dx/cf/attrib/AttExceptions
Event: 1.015 loading class com/android/dx/cf/attrib/AttExceptions done
Event: 1.018 loading class com/android/dx/cf/attrib/InnerClassList
Event: 1.018 loading class com/android/dx/cf/attrib/InnerClassList done
Event: 1.019 loading class com/android/dx/cf/attrib/InnerClassList$Item
Event: 1.019 loading class com/android/dx/cf/attrib/InnerClassList$Item done
Event: 1.022 loading class com/android/dx/cf/attrib/AttInnerClasses
Event: 1.022 loading class com/android/dx/cf/attrib/AttInnerClasses done


Dynamic libraries:
0x000000013fec0000 - 0x000000013fef7000 	C:\Program Files\Java\jdk1.8.0_45\bin\java.exe
0x00000000770e0000 - 0x0000000077289000 	C:\windows\SYSTEM32\ntdll.dll
0x0000000076fc0000 - 0x00000000770df000 	C:\windows\system32\kernel32.dll
0x000007fefd630000 - 0x000007fefd69c000 	C:\windows\system32\KERNELBASE.dll
0x000007fefec60000 - 0x000007fefed3b000 	C:\windows\system32\ADVAPI32.dll
0x000007fefe910000 - 0x000007fefe9af000 	C:\windows\system32\msvcrt.dll
0x000007fefe9b0000 - 0x000007fefe9cf000 	C:\windows\SYSTEM32\sechost.dll
0x000007feff010000 - 0x000007feff13d000 	C:\windows\system32\RPCRT4.dll
0x0000000076b50000 - 0x0000000076c4a000 	C:\windows\system32\USER32.dll
0x000007fefe8a0000 - 0x000007fefe907000 	C:\windows\system32\GDI32.dll
0x000007feff1f0000 - 0x000007feff1fe000 	C:\windows\system32\LPK.dll
0x000007fefef20000 - 0x000007fefefe9000 	C:\windows\system32\USP10.dll
0x000007fefbb50000 - 0x000007fefbd44000 	C:\windows\WinSxS\amd64_microsoft.windows.common-controls_6595b64144ccf1df_6.0.7601.17514_none_fa396087175ac9ac\COMCTL32.dll
0x000007fefebe0000 - 0x000007fefec51000 	C:\windows\system32\SHLWAPI.dll
0x000007fefda90000 - 0x000007fefdabe000 	C:\windows\system32\IMM32.DLL
0x000007feff2e0000 - 0x000007feff3e9000 	C:\windows\system32\MSCTF.dll
0x000007fefd500000 - 0x000007fefd531000 	C:\Windows\system32\nvinitx.dll
0x000000000f000000 - 0x000000000f006000 	C:\Program Files\NVIDIA Corporation\CoProcManager\detoured.dll
0x000007fefa150000 - 0x000007fefa182000 	C:\Program Files\NVIDIA Corporation\CoProcManager\nvd3d9wrapx.dll
0x000007fefed40000 - 0x000007fefef17000 	C:\windows\system32\SETUPAPI.dll
0x000007fefd5f0000 - 0x000007fefd626000 	C:\windows\system32\CFGMGR32.dll
0x000007feff200000 - 0x000007feff2d7000 	C:\windows\system32\OLEAUT32.dll
0x000007fefe9d0000 - 0x000007fefebd3000 	C:\windows\system32\ole32.dll
0x000007fefd6a0000 - 0x000007fefd6ba000 	C:\windows\system32\DEVOBJ.dll
0x000007fefa120000 - 0x000007fefa142000 	C:\Program Files\NVIDIA Corporation\CoProcManager\nvdxgiwrapx.dll
0x00000000603d0000 - 0x00000000604a2000 	C:\Program Files\Java\jdk1.8.0_45\jre\bin\msvcr100.dll
0x0000000062140000 - 0x00000000629c3000 	C:\Program Files\Java\jdk1.8.0_45\jre\bin\server\jvm.dll
0x000007fef9cf0000 - 0x000007fef9cf9000 	C:\windows\system32\WSOCK32.dll
0x000007fefe850000 - 0x000007fefe89d000 	C:\windows\system32\WS2_32.dll
0x000007feff1e0000 - 0x000007feff1e8000 	C:\windows\system32\NSI.dll
0x000007fefa040000 - 0x000007fefa07b000 	C:\windows\system32\WINMM.dll
0x000007fefc730000 - 0x000007fefc73c000 	C:\windows\system32\VERSION.dll
0x00000000772a0000 - 0x00000000772a7000 	C:\windows\system32\PSAPI.DLL
0x00000000630f0000 - 0x00000000630ff000 	C:\Program Files\Java\jdk1.8.0_45\jre\bin\verify.dll
0x0000000062110000 - 0x0000000062139000 	C:\Program Files\Java\jdk1.8.0_45\jre\bin\java.dll
0x00000000630d0000 - 0x00000000630e6000 	C:\Program Files\Java\jdk1.8.0_45\jre\bin\zip.dll
0x000007fefdac0000 - 0x000007fefe848000 	C:\windows\system32\SHELL32.dll
0x000007fefd540000 - 0x000007fefd54f000 	C:\windows\system32\profapi.dll
0x000007fef0350000 - 0x000007fef0475000 	C:\windows\system32\dbghelp.dll

VM Arguments:
jvm_args: -Xmx1024M -Dfile.encoding=GBK -Duser.country=CN -Duser.language=zh -Duser.variant 
java_command: com.android.dx.command.Main --dex --output E:\AndroidStudioProjects\TrumpetApp\app\build\intermediates\pre-dexed\debug\spring-android-core-2.0.0.M1-f5b27b0c53b849a2451ab50ad7f841b394dd2ceb.jar E:\AndroidStudioProjects\TrumpetApp\app\libs\spring-android-core-2.0.0.M1.jar
java_class_path (initial): C:\Users\Administrator\AppData\Local\Android\sdk\build-tools\22.0.1\lib\dx.jar
Launcher Type: SUN_STANDARD

Environment Variables:
JAVA_HOME=C:\Program Files\Java\jdk1.8.0_45
PATH=C:\ProgramData\Oracle\Java\javapath;C:\windows\system32;C:\windows;C:\windows\System32\Wbem;C:\windows\System32\WindowsPowerShell\v1.0\;%ANDROID_HOME%\tools;%ANDROID_HOME%\platform-tools;C:\Program Files\Java\jdk1.8.0_45\bin;D:\下载应用程序\gradle-2.4\bin;D:\下载应用程序\apache-maven-3.3.3\bin
USERNAME=Administrator
OS=Windows_NT
PROCESSOR_IDENTIFIER=Intel64 Family 6 Model 60 Stepping 3, GenuineIntel



---------------  S Y S T E M  ---------------

OS: Windows 7 , 64 bit Build 7601 (6.1.7601.18409)

CPU:total 4 (2 cores per cpu, 2 threads per core) family 6 model 60 stepping 3, cmov, cx8, fxsr, mmx, sse, sse2, sse3, ssse3, sse4.1, sse4.2, popcnt, avx, avx2, aes, clmul, erms, lzcnt, ht, tsc, tscinvbit, bmi1, bmi2

Memory: 4k page, physical 4120932k(149312k free), swap 6216220k(37044k free)

vm_info: Java HotSpot(TM) 64-Bit Server VM (25.45-b02) for windows-amd64 JRE (1.8.0_45-b15), built on Apr 30 2015 12:40:44 by "java_re" with MS VC++ 10.0 (VS2010)

time: Mon Jul 06 21:02:53 2015
elapsed time: 16 seconds (0d 0h 0m 16s)

