#
# There is insufficient memory for the Java Runtime Environment to continue.
# Native memory allocation (malloc) failed to allocate 215840 bytes for Chunk::new
# Possible reasons:
#   The system is out of physical RAM or swap space
#   In 32 bit mode, the process size limit was hit
# Possible solutions:
#   Reduce memory load on the system
#   Increase physical memory or swap space
#   Check if swap backing store is full
#   Use 64 bit Java on a 64 bit OS
#   Decrease Java heap size (-Xmx/-Xms)
#   Decrease number of Java threads
#   Decrease Java thread stack sizes (-Xss)
#   Set larger code cache with -XX:ReservedCodeCacheSize=
# This output file may be truncated or incomplete.
#
#  Out of Memory Error (allocation.cpp:390), pid=5316, tid=4488
#
# JRE version: Java(TM) SE Runtime Environment (8.0_45-b15) (build 1.8.0_45-b15)
# Java VM: Java HotSpot(TM) 64-Bit Server VM (25.45-b02 mixed mode windows-amd64 compressed oops)
# Failed to write core dump. Minidumps are not enabled by default on client versions of Windows
#

---------------  T H R E A D  ---------------

Current thread (0x00000000077c7000):  JavaThread "C2 CompilerThread1" daemon [_thread_in_native, id=4488, stack(0x0000000007f80000,0x0000000008080000)]

Stack: [0x0000000007f80000,0x0000000008080000]
[error occurred during error reporting (printing stack bounds), id 0xc0000005]

Native frames: (J=compiled Java code, j=interpreted, Vv=VM code, C=native code)
V  [jvm.dll+0x32b57a]
V  [jvm.dll+0x279873]
V  [jvm.dll+0x27a509]
V  [jvm.dll+0x2934e6]
V  [jvm.dll+0x297e0c]
V  [jvm.dll+0x5ca86f]
C  [msvcr100.dll+0x712e3]
V  [jvm.dll+0x5c9f6d]
C  [ntdll.dll+0x29d2d]
C  [ntdll.dll+0x191cf]
C  [ntdll.dll+0x51248]
V  [jvm.dll+0x21bcd1]


Current CompileTask:
C2:   6932 1305       4       com.android.dx.ssa.back.FirstFitLocalCombiningAllocator$1::processInsn (169 bytes)


---------------  P R O C E S S  ---------------

Java Threads: ( => current thread )
  0x0000000007838800 JavaThread "Service Thread" daemon [_thread_blocked, id=8748, stack(0x0000000008170000,0x0000000008270000)]
  0x00000000077c7800 JavaThread "C1 CompilerThread2" daemon [_thread_blocked, id=5524, stack(0x0000000007e60000,0x0000000007f60000)]
=>0x00000000077c7000 JavaThread "C2 CompilerThread1" daemon [_thread_in_native, id=4488, stack(0x0000000007f80000,0x0000000008080000)]
  0x000000000622b000 JavaThread "C2 CompilerThread0" daemon [_thread_in_native, id=6740, stack(0x0000000007d40000,0x0000000007e40000)]
  0x000000000622a000 JavaThread "Attach Listener" daemon [_thread_blocked, id=3776, stack(0x0000000007c10000,0x0000000007d10000)]
  0x00000000077b8800 JavaThread "Signal Dispatcher" daemon [_thread_blocked, id=8300, stack(0x0000000007390000,0x0000000007490000)]
  0x00000000061c1000 JavaThread "Finalizer" daemon [_thread_blocked, id=4532, stack(0x00000000076b0000,0x00000000077b0000)]
  0x00000000061bf800 JavaThread "Reference Handler" daemon [_thread_blocked, id=9164, stack(0x00000000074e0000,0x00000000075e0000)]
  0x000000000256e000 JavaThread "main" [_thread_in_Java, id=9188, stack(0x00000000026a0000,0x00000000027a0000)]

Other Threads:
  0x00000000061ba000 VMThread [stack: 0x0000000007230000,0x0000000007330000] [id=9052]
  0x000000000783d000 WatcherThread [stack: 0x0000000008310000,0x0000000008410000] [id=2260]

VM state:not at safepoint (normal execution)

VM Mutex/Monitor currently owned by a thread: None

Heap:
 PSYoungGen      total 35328K, used 7321K [0x00000000eab00000, 0x00000000ed000000, 0x0000000100000000)
  eden space 32768K, 14% used [0x00000000eab00000,0x00000000eafa8598,0x00000000ecb00000)
  from space 2560K, 99% used [0x00000000ecd80000,0x00000000ecffe030,0x00000000ed000000)
  to   space 2560K, 0% used [0x00000000ecb00000,0x00000000ecb00000,0x00000000ecd80000)
 ParOldGen       total 44032K, used 4267K [0x00000000c0000000, 0x00000000c2b00000, 0x00000000eab00000)
  object space 44032K, 9% used [0x00000000c0000000,0x00000000c042ac68,0x00000000c2b00000)
 Metaspace       used 5832K, capacity 7024K, committed 7296K, reserved 1056768K
  class space    used 559K, capacity 616K, committed 640K, reserved 1048576K

Card table byte_map: [0x0000000002b60000,0x0000000002d70000] byte_map_base: 0x0000000002560000

Marking Bits: (ParMarkBitMap*) 0x0000000062944040
 Begin Bits: [0x0000000003630000, 0x0000000004630000)
 End Bits:   [0x0000000004630000, 0x0000000005630000)

Polling page: 0x0000000002060000

CodeCache: size=245760Kb used=5610Kb max_used=5610Kb free=240149Kb
 bounds [0x000000000f010000, 0x000000000f590000, 0x000000001e010000]
 total_blobs=1626 nmethods=1358 adapters=180
 compilation: disabled (not enough contiguous free space left)

Compilation events (10 events):
Event: 6.879 Thread 0x00000000077c7800 nmethod 1347 0x000000000f569c10 code [0x000000000f569da0, 0x000000000f56a270]
Event: 6.879 Thread 0x00000000077c7800 1348       3       com.android.dx.cf.code.Ropper::addSetupBlocks (535 bytes)
Event: 6.887 Thread 0x00000000077c7800 nmethod 1348 0x000000000f56a4d0 code [0x000000000f56af80, 0x000000000f5731e8]
Event: 6.887 Thread 0x00000000077c7800 1349       3       com.android.dx.cf.code.Ropper::setFirstFrame (31 bytes)
Event: 6.887 Thread 0x00000000077c7800 nmethod 1349 0x000000000f57ac90 code [0x000000000f57ae40, 0x000000000f57b568]
Event: 6.889 Thread 0x00000000077c7800 1350       3       com.android.dx.rop.cst.CstString::equals (24 bytes)
Event: 6.889 Thread 0x00000000077c7800 nmethod 1350 0x000000000f57b8d0 code [0x000000000f57ba40, 0x000000000f57be68]
Event: 6.889 Thread 0x00000000077c7800 1351       3       com.android.dx.cf.code.Ropper::addReturnBlock (228 bytes)
Event: 6.892 Thread 0x00000000077c7800 nmethod 1351 0x000000000f57bf90 code [0x000000000f57c4c0, 0x000000000f57fc28]
Event: 6.893 Thread 0x00000000077c7800 1352       3       com.android.dx.cf.code.Ropper::addSynchExceptionHandlerBlock (206 bytes)

GC Heap History (4 events):
Event: 4.756 GC heap before
{Heap before GC invocations=1 (full 0):
 PSYoungGen      total 18944K, used 16384K [0x00000000eab00000, 0x00000000ec000000, 0x0000000100000000)
  eden space 16384K, 100% used [0x00000000eab00000,0x00000000ebb00000,0x00000000ebb00000)
  from space 2560K, 0% used [0x00000000ebd80000,0x00000000ebd80000,0x00000000ec000000)
  to   space 2560K, 0% used [0x00000000ebb00000,0x00000000ebb00000,0x00000000ebd80000)
 ParOldGen       total 44032K, used 0K [0x00000000c0000000, 0x00000000c2b00000, 0x00000000eab00000)
  object space 44032K, 0% used [0x00000000c0000000,0x00000000c0000000,0x00000000c2b00000)
 Metaspace       used 5616K, capacity 6832K, committed 7040K, reserved 1056768K
  class space    used 557K, capacity 616K, committed 640K, reserved 1048576K
Event: 5.058 GC heap after
Heap after GC invocations=1 (full 0):
 PSYoungGen      total 18944K, used 2551K [0x00000000eab00000, 0x00000000ed000000, 0x0000000100000000)
  eden space 16384K, 0% used [0x00000000eab00000,0x00000000eab00000,0x00000000ebb00000)
  from space 2560K, 99% used [0x00000000ebb00000,0x00000000ebd7dc70,0x00000000ebd80000)
  to   space 2560K, 0% used [0x00000000ecd80000,0x00000000ecd80000,0x00000000ed000000)
 ParOldGen       total 44032K, used 1856K [0x00000000c0000000, 0x00000000c2b00000, 0x00000000eab00000)
  object space 44032K, 4% used [0x00000000c0000000,0x00000000c01d01e0,0x00000000c2b00000)
 Metaspace       used 5616K, capacity 6832K, committed 7040K, reserved 1056768K
  class space    used 557K, capacity 616K, committed 640K, reserved 1048576K
}
Event: 6.129 GC heap before
{Heap before GC invocations=2 (full 0):
 PSYoungGen      total 18944K, used 18935K [0x00000000eab00000, 0x00000000ed000000, 0x0000000100000000)
  eden space 16384K, 100% used [0x00000000eab00000,0x00000000ebb00000,0x00000000ebb00000)
  from space 2560K, 99% used [0x00000000ebb00000,0x00000000ebd7dc70,0x00000000ebd80000)
  to   space 2560K, 0% used [0x00000000ecd80000,0x00000000ecd80000,0x00000000ed000000)
 ParOldGen       total 44032K, used 1856K [0x00000000c0000000, 0x00000000c2b00000, 0x00000000eab00000)
  object space 44032K, 4% used [0x00000000c0000000,0x00000000c01d01e0,0x00000000c2b00000)
 Metaspace       used 5754K, capacity 6960K, committed 7040K, reserved 1056768K
  class space    used 558K, capacity 616K, committed 640K, reserved 1048576K
Event: 6.788 GC heap after
Heap after GC invocations=2 (full 0):
 PSYoungGen      total 35328K, used 2552K [0x00000000eab00000, 0x00000000ed000000, 0x0000000100000000)
  eden space 32768K, 0% used [0x00000000eab00000,0x00000000eab00000,0x00000000ecb00000)
  from space 2560K, 99% used [0x00000000ecd80000,0x00000000ecffe030,0x00000000ed000000)
  to   space 2560K, 0% used [0x00000000ecb00000,0x00000000ecb00000,0x00000000ecd80000)
 ParOldGen       total 44032K, used 4267K [0x00000000c0000000, 0x00000000c2b00000, 0x00000000eab00000)
  object space 44032K, 9% used [0x00000000c0000000,0x00000000c042ac68,0x00000000c2b00000)
 Metaspace       used 5754K, capacity 6960K, committed 7040K, reserved 1056768K
  class space    used 558K, capacity 616K, committed 640K, reserved 1048576K
}

Deoptimization events (5 events):
Event: 3.018 Thread 0x000000000256e000 Uncommon trap: reason=unstable_if action=reinterpret pc=0x000000000f226ee0 method=java.util.BitSet.nextSetBit(I)I @ 87
Event: 5.435 Thread 0x000000000256e000 Uncommon trap: reason=unstable_if action=reinterpret pc=0x000000000f3f00d4 method=com.android.dx.rop.code.LocalItem.hashCode()I @ 25
Event: 5.435 Thread 0x000000000256e000 Uncommon trap: reason=unstable_if action=reinterpret pc=0x000000000f3af824 method=com.android.dx.rop.code.LocalItem.hashCode()I @ 25
Event: 5.471 Thread 0x000000000256e000 Uncommon trap: reason=unstable_if action=reinterpret pc=0x000000000f314ea4 method=java.util.BitSet.ensureCapacity(I)V @ 6
Event: 5.692 Thread 0x000000000256e000 Uncommon trap: reason=null_check action=make_not_entrant pc=0x000000000f36ba14 method=com.android.dx.rop.type.Type.equals(Ljava/lang/Object;)Z @ 8

Internal exceptions (3 events):
Event: 1.248 Thread 0x000000000256e000 Exception <a 'java/lang/NoSuchMethodError': Method sun.misc.Unsafe.defineClass(Ljava/lang/String;[BII)Ljava/lang/Class; name or signature does not match> (0x00000000eab12e10) thrown at [C:\re\workspace\8-2-build-windows-amd64-cygwin\jdk8u45\3627\hotspot\sròt⁄7˙Û?
Event: 1.249 Thread 0x000000000256e000 Exception <a 'java/lang/NoSuchMethodError': Method sun.misc.Unsafe.prefetchRead(Ljava/lang/Object;J)V name or signature does not match> (0x00000000eab130a0) thrown at [C:\re\workspace\8-2-build-windows-amd64-cygwin\jdk8u45\3627\hotspot\src\share\vm\prims\j¿¯¶™‰ƒ@
Event: 5.692 Thread 0x000000000256e000 Implicit null exception at 0x000000000f36b912 to 0x000000000f36ba05

Events (10 events):
Event: 5.471 Thread 0x000000000256e000 Uncommon trap: trap_request=0xffffff65 fr.pc=0x000000000f314ea4
Event: 5.471 Thread 0x000000000256e000 DEOPT PACKING pc=0x000000000f314ea4 sp=0x000000000279eaa0
Event: 5.471 Thread 0x000000000256e000 DEOPT UNPACKING pc=0x000000000f05582a sp=0x000000000279e988 mode 2
Event: 5.692 Thread 0x000000000256e000 Uncommon trap: trap_request=0xfffffff4 fr.pc=0x000000000f36ba14
Event: 5.692 Thread 0x000000000256e000 DEOPT PACKING pc=0x000000000f36ba14 sp=0x000000000279e670
Event: 5.692 Thread 0x000000000256e000 DEOPT UNPACKING pc=0x000000000f05582a sp=0x000000000279e5f8 mode 2
Event: 5.782 Executing VM operation: EnableBiasedLocking
Event: 5.782 Executing VM operation: EnableBiasedLocking done
Event: 6.129 Executing VM operation: ParallelGCFailedAllocation
Event: 6.788 Executing VM operation: ParallelGCFailedAllocation done


Dynamic libraries:
0x000000013fec0000 - 0x000000013fef7000 	C:\Program Files\Java\jdk1.8.0_45\bin\java.exe
0x00000000770e0000 - 0x0000000077289000 	C:\windows\SYSTEM32\ntdll.dll
0x0000000076fc0000 - 0x00000000770df000 	C:\windows\system32\kernel32.dll
0x000007fefd630000 - 0x000007fefd69c000 	C:\windows\system32\KERNELBASE.dll
0x000007fefec60000 - 0x000007fefed3b000 	C:\windows\system32\ADVAPI32.dll
0x000007fefe910000 - 0x000007fefe9af000 	C:\windows\system32\msvcrt.dll
0x000007fefe9b0000 - 0x000007fefe9cf000 	C:\windows\SYSTEM32\sechost.dll
0x000007feff010000 - 0x000007feff13d000 	C:\windows\system32\RPCRT4.dll
0x0000000076b50000 - 0x0000000076c4a000 	C:\windows\system32\USER32.dll
0x000007fefe8a0000 - 0x000007fefe907000 	C:\windows\system32\GDI32.dll
0x000007feff1f0000 - 0x000007feff1fe000 	C:\windows\system32\LPK.dll
0x000007fefef20000 - 0x000007fefefe9000 	C:\windows\system32\USP10.dll
0x000007fefbb50000 - 0x000007fefbd44000 	C:\windows\WinSxS\amd64_microsoft.windows.common-controls_6595b64144ccf1df_6.0.7601.17514_none_fa396087175ac9ac\COMCTL32.dll
0x000007fefebe0000 - 0x000007fefec51000 	C:\windows\system32\SHLWAPI.dll
0x000007fefda90000 - 0x000007fefdabe000 	C:\windows\system32\IMM32.DLL
0x000007feff2e0000 - 0x000007feff3e9000 	C:\windows\system32\MSCTF.dll
0x000007fefd500000 - 0x000007fefd531000 	C:\Windows\system32\nvinitx.dll
0x000000000f000000 - 0x000000000f006000 	C:\Program Files\NVIDIA Corporation\CoProcManager\detoured.dll
0x000007fefa150000 - 0x000007fefa182000 	C:\Program Files\NVIDIA Corporation\CoProcManager\nvd3d9wrapx.dll
0x000007fefed40000 - 0x000007fefef17000 	C:\windows\system32\SETUPAPI.dll
0x000007fefd5f0000 - 0x000007fefd626000 	C:\windows\system32\CFGMGR32.dll
0x000007feff200000 - 0x000007feff2d7000 	C:\windows\system32\OLEAUT32.dll
0x000007fefe9d0000 - 0x000007fefebd3000 	C:\windows\system32\ole32.dll
0x000007fefd6a0000 - 0x000007fefd6ba000 	C:\windows\system32\DEVOBJ.dll
0x000007fefa120000 - 0x000007fefa142000 	C:\Program Files\NVIDIA Corporation\CoProcManager\nvdxgiwrapx.dll
0x00000000603d0000 - 0x00000000604a2000 	C:\Program Files\Java\jdk1.8.0_45\jre\bin\msvcr100.dll
0x0000000062140000 - 0x00000000629c3000 	C:\Program Files\Java\jdk1.8.0_45\jre\bin\server\jvm.dll
0x000007fef9cf0000 - 0x000007fef9cf9000 	C:\windows\system32\WSOCK32.dll
0x000007fefe850000 - 0x000007fefe89d000 	C:\windows\system32\WS2_32.dll
0x000007feff1e0000 - 0x000007feff1e8000 	C:\windows\system32\NSI.dll
0x000007fefa040000 - 0x000007fefa07b000 	C:\windows\system32\WINMM.dll
0x000007fefc730000 - 0x000007fefc73c000 	C:\windows\system32\VERSION.dll
0x00000000772a0000 - 0x00000000772a7000 	C:\windows\system32\PSAPI.DLL
0x00000000630f0000 - 0x00000000630ff000 	C:\Program Files\Java\jdk1.8.0_45\jre\bin\verify.dll
0x0000000062110000 - 0x0000000062139000 	C:\Program Files\Java\jdk1.8.0_45\jre\bin\java.dll
0x00000000630d0000 - 0x00000000630e6000 	C:\Program Files\Java\jdk1.8.0_45\jre\bin\zip.dll
0x000007fefdac0000 - 0x000007fefe848000 	C:\windows\system32\SHELL32.dll
0x000007fefd540000 - 0x000007fefd54f000 	C:\windows\system32\profapi.dll
0x000007fef0350000 - 0x000007fef0475000 	C:\windows\system32\dbghelp.dll

VM Arguments:
jvm_args: -Xmx1024M -Dfile.encoding=GBK -Duser.country=CN -Duser.language=zh -Duser.variant 
java_command: com.android.dx.command.Main --dex --output E:\AndroidStudioProjects\TrumpetApp\app\build\intermediates\pre-dexed\debug\internal_impl-22.2.0-dc563fe1d73ad48c4bfc6293be468f12091d7cc1.jar E:\AndroidStudioProjects\TrumpetApp\app\build\intermediates\exploded-aar\com.android.support\support-v4\22.2.0\jars\libs\internal_impl-22.2.0.jar
java_class_path (initial): C:\Users\Administrator\AppData\Local\Android\sdk\build-tools\22.0.1\lib\dx.jar
Launcher Type: SUN_STANDARD

Environment Variables:
JAVA_HOME=C:\Program Files\Java\jdk1.8.0_45
PATH=C:\ProgramData\Oracle\Java\javapath;C:\windows\system32;C:\windows;C:\windows\System32\Wbem;C:\windows\System32\WindowsPowerShell\v1.0\;%ANDROID_HOME%\tools;%ANDROID_HOME%\platform-tools;C:\Program Files\Java\jdk1.8.0_45\bin;D:\œ¬‘ÿ”¶”√≥Ã–Ú\gradle-2.4\bin;D:\œ¬‘ÿ”¶”√≥Ã–Ú\apache-maven-3.3.3\bin
USERNAME=Administrator
OS=Windows_NT
PROCESSOR_IDENTIFIER=Intel64 Family 6 Model 60 Stepping 3, GenuineIntel



---------------  S Y S T E M  ---------------

OS: Windows 7 , 64 bit Build 7601 (6.1.7601.18409)

CPU:total 4 (2 cores per cpu, 2 threads per core) family 6 model 60 stepping 3, cmov, cx8, fxsr, mmx, sse, sse2, sse3, ssse3, sse4.1, sse4.2, popcnt, avx, avx2, aes, clmul, erms, lzcnt, ht, tsc, tscinvbit, bmi1, bmi2

Memory: 4k page, physical 4120932k(615956k free), swap 6216220k(7400k free)

vm_info: Java HotSpot(TM) 64-Bit Server VM (25.45-b02) for windows-amd64 JRE (1.8.0_45-b15), built on Apr 30 2015 12:40:44 by "java_re" with MS VC++ 10.0 (VS2010)

time: Mon Jul 06 10:46:44 2015
elapsed time: 6 seconds (0d 0h 0m 6s)

