#
# There is insufficient memory for the Java Runtime Environment to continue.
# Native memory allocation (malloc) failed to allocate 126240 bytes for Chunk::new
# Possible reasons:
#   The system is out of physical RAM or swap space
#   In 32 bit mode, the process size limit was hit
# Possible solutions:
#   Reduce memory load on the system
#   Increase physical memory or swap space
#   Check if swap backing store is full
#   Use 64 bit Java on a 64 bit OS
#   Decrease Java heap size (-Xmx/-Xms)
#   Decrease number of Java threads
#   Decrease Java thread stack sizes (-Xss)
#   Set larger code cache with -XX:ReservedCodeCacheSize=
# This output file may be truncated or incomplete.
#
#  Out of Memory Error (allocation.cpp:390), pid=3648, tid=6072
#
# JRE version: Java(TM) SE Runtime Environment (8.0_45-b15) (build 1.8.0_45-b15)
# Java VM: Java HotSpot(TM) 64-Bit Server VM (25.45-b02 mixed mode windows-amd64 compressed oops)
# Failed to write core dump. Minidumps are not enabled by default on client versions of Windows
#

---------------  T H R E A D  ---------------

Current thread (0x00000000060c8800):  JavaThread "C2 CompilerThread0" daemon [_thread_in_native, id=6072, stack(0x0000000007c10000,0x0000000007d10000)]

Stack: [0x0000000007c10000,0x0000000007d10000]
[error occurred during error reporting (printing stack bounds), id 0xc0000005]

Native frames: (J=compiled Java code, j=interpreted, Vv=VM code, C=native code)
V  [jvm.dll+0x32b57a]


Current CompileTask:
C2:   7806 1810       4       com.android.dx.ssa.DeadCodeRemover::isCircularNoSideEffect (140 bytes)


---------------  P R O C E S S  ---------------

Java Threads: ( => current thread )
  0x00000000076a3800 JavaThread "Service Thread" daemon [_thread_blocked, id=7304, stack(0x00000000081c0000,0x00000000082c0000)]
  0x0000000007636800 JavaThread "C1 CompilerThread2" daemon [_thread_blocked, id=9008, stack(0x0000000007fd0000,0x00000000080d0000)]
  0x0000000007636000 JavaThread "C2 CompilerThread1" daemon [_thread_in_native, id=8444, stack(0x0000000007e00000,0x0000000007f00000)]
=>0x00000000060c8800 JavaThread "C2 CompilerThread0" daemon [_thread_in_native, id=6072, stack(0x0000000007c10000,0x0000000007d10000)]
  0x000000000762a800 JavaThread "Attach Listener" daemon [_thread_blocked, id=5596, stack(0x0000000006fc0000,0x00000000070c0000)]
  0x00000000060df000 JavaThread "Signal Dispatcher" daemon [_thread_blocked, id=4696, stack(0x00000000073f0000,0x00000000074f0000)]
  0x0000000006072800 JavaThread "Finalizer" daemon [_thread_blocked, id=7560, stack(0x0000000007520000,0x0000000007620000)]
  0x0000000006071000 JavaThread "Reference Handler" daemon [_thread_blocked, id=9412, stack(0x00000000072a0000,0x00000000073a0000)]
  0x000000000255e000 JavaThread "main" [_thread_in_Java, id=7628, stack(0x00000000027b0000,0x00000000028b0000)]

Other Threads:
  0x000000000606b800 VMThread [stack: 0x00000000070c0000,0x00000000071c0000] [id=5936]
  0x00000000076a8000 WatcherThread [stack: 0x0000000007a20000,0x0000000007b20000] [id=6748]

VM state:not at safepoint (normal execution)

VM Mutex/Monitor currently owned by a thread: None

Heap:
 PSYoungGen      total 140800K, used 81601K [0x00000000eab00000, 0x00000000f4800000, 0x0000000100000000)
  eden space 128512K, 53% used [0x00000000eab00000,0x00000000eeeb6530,0x00000000f2880000)
  from space 12288K, 99% used [0x00000000f3700000,0x00000000f42fa200,0x00000000f4300000)
  to   space 14848K, 0% used [0x00000000f2880000,0x00000000f2880000,0x00000000f3700000)
 ParOldGen       total 44032K, used 24092K [0x00000000c0000000, 0x00000000c2b00000, 0x00000000eab00000)
  object space 44032K, 54% used [0x00000000c0000000,0x00000000c17872d0,0x00000000c2b00000)
 Metaspace       used 6068K, capacity 7152K, committed 7296K, reserved 1056768K
  class space    used 579K, capacity 616K, committed 640K, reserved 1048576K

Card table byte_map: [0x0000000002c70000,0x0000000002e80000] byte_map_base: 0x0000000002670000

Marking Bits: (ParMarkBitMap*) 0x0000000062944040
 Begin Bits: [0x00000000034e0000, 0x00000000044e0000)
 End Bits:   [0x00000000044e0000, 0x00000000054e0000)

Polling page: 0x0000000000230000

CodeCache: size=245760Kb used=7463Kb max_used=7463Kb free=238296Kb
 bounds [0x000000000f010000, 0x000000000f760000, 0x000000001e010000]
 total_blobs=1998 nmethods=1731 adapters=180
 compilation: enabled

Compilation events (10 events):
Event: 7.701 Thread 0x0000000007636800 1842       2       com.android.dx.ssa.LocalVariableInfo::getStarts (19 bytes)
Event: 7.702 Thread 0x0000000007636800 nmethod 1842 0x000000000f745550 code [0x000000000f7456c0, 0x000000000f745908]
Event: 7.702 Thread 0x0000000007636800 1843 %     2       com.android.dx.ssa.SsaConverter::placePhiFunctions @ 229 (394 bytes)
Event: 7.705 Thread 0x0000000007636800 nmethod 1843% 0x000000000f752310 code [0x000000000f7526e0, 0x000000000f753fa8]
Event: 7.711 Thread 0x0000000007636800 1844       2       com.android.dx.rop.code.RegisterSpecList::indexOfRegister (38 bytes)
Event: 7.711 Thread 0x0000000007636800 nmethod 1844 0x000000000f747ad0 code [0x000000000f747c40, 0x000000000f747e88]
Event: 7.719 Thread 0x0000000007636800 1845       2       com.android.dx.cf.code.Simulator::requiredArrayTypeFor (61 bytes)
Event: 7.720 Thread 0x0000000007636800 nmethod 1845 0x000000000f747390 code [0x000000000f747540, 0x000000000f747838]
Event: 7.733 Thread 0x0000000007636800 1847       2       com.android.dx.ssa.back.FirstFitLocalCombiningAllocator::ssaSetToSpecs (57 bytes)
Event: 7.734 Thread 0x0000000007636800 nmethod 1847 0x000000000f74d9d0 code [0x000000000f74dbe0, 0x000000000f74e398]

GC Heap History (10 events):
Event: 2.210 GC heap before
{Heap before GC invocations=2 (full 0):
 PSYoungGen      total 18944K, used 18943K [0x00000000eab00000, 0x00000000ed000000, 0x0000000100000000)
  eden space 16384K, 100% used [0x00000000eab00000,0x00000000ebb00000,0x00000000ebb00000)
  from space 2560K, 99% used [0x00000000ebb00000,0x00000000ebd7fc80,0x00000000ebd80000)
  to   space 2560K, 0% used [0x00000000ecd80000,0x00000000ecd80000,0x00000000ed000000)
 ParOldGen       total 44032K, used 1807K [0x00000000c0000000, 0x00000000c2b00000, 0x00000000eab00000)
  object space 44032K, 4% used [0x00000000c0000000,0x00000000c01c3c88,0x00000000c2b00000)
 Metaspace       used 5805K, capacity 7024K, committed 7296K, reserved 1056768K
  class space    used 556K, capacity 616K, committed 640K, reserved 1048576K
Event: 2.683 GC heap after
Heap after GC invocations=2 (full 0):
 PSYoungGen      total 35328K, used 2532K [0x00000000eab00000, 0x00000000ed000000, 0x0000000100000000)
  eden space 32768K, 0% used [0x00000000eab00000,0x00000000eab00000,0x00000000ecb00000)
  from space 2560K, 98% used [0x00000000ecd80000,0x00000000ecff9080,0x00000000ed000000)
  to   space 2560K, 0% used [0x00000000ecb00000,0x00000000ecb00000,0x00000000ecd80000)
 ParOldGen       total 44032K, used 4153K [0x00000000c0000000, 0x00000000c2b00000, 0x00000000eab00000)
  object space 44032K, 9% used [0x00000000c0000000,0x00000000c040e7f8,0x00000000c2b00000)
 Metaspace       used 5805K, capacity 7024K, committed 7296K, reserved 1056768K
  class space    used 556K, capacity 616K, committed 640K, reserved 1048576K
}
Event: 3.045 GC heap before
{Heap before GC invocations=3 (full 0):
 PSYoungGen      total 35328K, used 35300K [0x00000000eab00000, 0x00000000ed000000, 0x0000000100000000)
  eden space 32768K, 100% used [0x00000000eab00000,0x00000000ecb00000,0x00000000ecb00000)
  from space 2560K, 98% used [0x00000000ecd80000,0x00000000ecff9080,0x00000000ed000000)
  to   space 2560K, 0% used [0x00000000ecb00000,0x00000000ecb00000,0x00000000ecd80000)
 ParOldGen       total 44032K, used 4153K [0x00000000c0000000, 0x00000000c2b00000, 0x00000000eab00000)
  object space 44032K, 9% used [0x00000000c0000000,0x00000000c040e7f8,0x00000000c2b00000)
 Metaspace       used 5874K, capacity 7024K, committed 7296K, reserved 1056768K
  class space    used 560K, capacity 616K, committed 640K, reserved 1048576K
Event: 4.140 GC heap after
Heap after GC invocations=3 (full 0):
 PSYoungGen      total 35328K, used 2534K [0x00000000eab00000, 0x00000000ef000000, 0x0000000100000000)
  eden space 32768K, 0% used [0x00000000eab00000,0x00000000eab00000,0x00000000ecb00000)
  from space 2560K, 98% used [0x00000000ecb00000,0x00000000ecd798c0,0x00000000ecd80000)
  to   space 2560K, 0% used [0x00000000eed80000,0x00000000eed80000,0x00000000ef000000)
 ParOldGen       total 44032K, used 9373K [0x00000000c0000000, 0x00000000c2b00000, 0x00000000eab00000)
  object space 44032K, 21% used [0x00000000c0000000,0x00000000c0927568,0x00000000c2b00000)
 Metaspace       used 5874K, capacity 7024K, committed 7296K, reserved 1056768K
  class space    used 560K, capacity 616K, committed 640K, reserved 1048576K
}
Event: 4.553 GC heap before
{Heap before GC invocations=4 (full 0):
 PSYoungGen      total 35328K, used 35302K [0x00000000eab00000, 0x00000000ef000000, 0x0000000100000000)
  eden space 32768K, 100% used [0x00000000eab00000,0x00000000ecb00000,0x00000000ecb00000)
  from space 2560K, 98% used [0x00000000ecb00000,0x00000000ecd798c0,0x00000000ecd80000)
  to   space 2560K, 0% used [0x00000000eed80000,0x00000000eed80000,0x00000000ef000000)
 ParOldGen       total 44032K, used 9373K [0x00000000c0000000, 0x00000000c2b00000, 0x00000000eab00000)
  object space 44032K, 21% used [0x00000000c0000000,0x00000000c0927568,0x00000000c2b00000)
 Metaspace       used 5891K, capacity 7088K, committed 7296K, reserved 1056768K
  class space    used 560K, capacity 616K, committed 640K, reserved 1048576K
Event: 4.749 GC heap after
Heap after GC invocations=4 (full 0):
 PSYoungGen      total 68096K, used 2538K [0x00000000eab00000, 0x00000000ef000000, 0x0000000100000000)
  eden space 65536K, 0% used [0x00000000eab00000,0x00000000eab00000,0x00000000eeb00000)
  from space 2560K, 99% used [0x00000000eed80000,0x00000000eeffa9a0,0x00000000ef000000)
  to   space 2560K, 0% used [0x00000000eeb00000,0x00000000eeb00000,0x00000000eed80000)
 ParOldGen       total 44032K, used 14013K [0x00000000c0000000, 0x00000000c2b00000, 0x00000000eab00000)
  object space 44032K, 31% used [0x00000000c0000000,0x00000000c0daf4d0,0x00000000c2b00000)
 Metaspace       used 5891K, capacity 7088K, committed 7296K, reserved 1056768K
  class space    used 560K, capacity 616K, committed 640K, reserved 1048576K
}
Event: 5.827 GC heap before
{Heap before GC invocations=5 (full 0):
 PSYoungGen      total 68096K, used 68074K [0x00000000eab00000, 0x00000000ef000000, 0x0000000100000000)
  eden space 65536K, 100% used [0x00000000eab00000,0x00000000eeb00000,0x00000000eeb00000)
  from space 2560K, 99% used [0x00000000eed80000,0x00000000eeffa9a0,0x00000000ef000000)
  to   space 2560K, 0% used [0x00000000eeb00000,0x00000000eeb00000,0x00000000eed80000)
 ParOldGen       total 44032K, used 14013K [0x00000000c0000000, 0x00000000c2b00000, 0x00000000eab00000)
  object space 44032K, 31% used [0x00000000c0000000,0x00000000c0daf4d0,0x00000000c2b00000)
 Metaspace       used 6019K, capacity 7088K, committed 7296K, reserved 1056768K
  class space    used 578K, capacity 616K, committed 640K, reserved 1048576K
Event: 6.512 GC heap after
Heap after GC invocations=5 (full 0):
 PSYoungGen      total 68096K, used 2541K [0x00000000eab00000, 0x00000000f4300000, 0x0000000100000000)
  eden space 65536K, 0% used [0x00000000eab00000,0x00000000eab00000,0x00000000eeb00000)
  from space 2560K, 99% used [0x00000000eeb00000,0x00000000eed7b560,0x00000000eed80000)
  to   space 12288K, 0% used [0x00000000f3700000,0x00000000f3700000,0x00000000f4300000)
 ParOldGen       total 44032K, used 23559K [0x00000000c0000000, 0x00000000c2b00000, 0x00000000eab00000)
  object space 44032K, 53% used [0x00000000c0000000,0x00000000c1701d10,0x00000000c2b00000)
 Metaspace       used 6019K, capacity 7088K, committed 7296K, reserved 1056768K
  class space    used 578K, capacity 616K, committed 640K, reserved 1048576K
}
Event: 7.333 GC heap before
{Heap before GC invocations=6 (full 0):
 PSYoungGen      total 68096K, used 68077K [0x00000000eab00000, 0x00000000f4300000, 0x0000000100000000)
  eden space 65536K, 100% used [0x00000000eab00000,0x00000000eeb00000,0x00000000eeb00000)
  from space 2560K, 99% used [0x00000000eeb00000,0x00000000eed7b560,0x00000000eed80000)
  to   space 12288K, 0% used [0x00000000f3700000,0x00000000f3700000,0x00000000f4300000)
 ParOldGen       total 44032K, used 23559K [0x00000000c0000000, 0x00000000c2b00000, 0x00000000eab00000)
  object space 44032K, 53% used [0x00000000c0000000,0x00000000c1701d10,0x00000000c2b00000)
 Metaspace       used 6050K, capacity 7152K, committed 7296K, reserved 1056768K
  class space    used 579K, capacity 616K, committed 640K, reserved 1048576K
Event: 7.368 GC heap after
Heap after GC invocations=6 (full 0):
 PSYoungGen      total 140800K, used 12264K [0x00000000eab00000, 0x00000000f4800000, 0x0000000100000000)
  eden space 128512K, 0% used [0x00000000eab00000,0x00000000eab00000,0x00000000f2880000)
  from space 12288K, 99% used [0x00000000f3700000,0x00000000f42fa200,0x00000000f4300000)
  to   space 14848K, 0% used [0x00000000f2880000,0x00000000f2880000,0x00000000f3700000)
 ParOldGen       total 44032K, used 24092K [0x00000000c0000000, 0x00000000c2b00000, 0x00000000eab00000)
  object space 44032K, 54% used [0x00000000c0000000,0x00000000c17872d0,0x00000000c2b00000)
 Metaspace       used 6050K, capacity 7152K, committed 7296K, reserved 1056768K
  class space    used 579K, capacity 616K, committed 640K, reserved 1048576K
}

Deoptimization events (10 events):
Event: 5.665 Thread 0x000000000255e000 Uncommon trap: reason=bimorphic action=maybe_recompile pc=0x000000000f63f74c method=com.android.dx.cf.code.BytecodeArray.parseInstruction(ILcom/android/dx/cf/code/BytecodeArray$Visitor;)I @ 2484
Event: 5.665 Thread 0x000000000255e000 Uncommon trap: reason=bimorphic action=maybe_recompile pc=0x000000000f63f74c method=com.android.dx.cf.code.BytecodeArray.parseInstruction(ILcom/android/dx/cf/code/BytecodeArray$Visitor;)I @ 2484
Event: 5.665 Thread 0x000000000255e000 Uncommon trap: reason=bimorphic action=maybe_recompile pc=0x000000000f63f74c method=com.android.dx.cf.code.BytecodeArray.parseInstruction(ILcom/android/dx/cf/code/BytecodeArray$Visitor;)I @ 2484
Event: 7.330 Thread 0x000000000255e000 Uncommon trap: reason=unstable_if action=reinterpret pc=0x000000000f66aac4 method=com.android.dx.ssa.SCCP.simulateStmt(Lcom/android/dx/ssa/SsaInsn;)V @ 59
Event: 7.570 Thread 0x000000000255e000 Uncommon trap: reason=unstable_if action=reinterpret pc=0x000000000f610d04 method=com.android.dx.ssa.SCCP.simulateBranch(Lcom/android/dx/ssa/SsaInsn;)V @ 548
Event: 7.633 Thread 0x000000000255e000 Uncommon trap: reason=unstable_if action=reinterpret pc=0x000000000f6b6a60 method=com.android.dx.rop.cst.CstNat.equals(Ljava/lang/Object;)Z @ 25
Event: 7.642 Thread 0x000000000255e000 Uncommon trap: reason=bimorphic action=maybe_recompile pc=0x000000000f67d82c method=com.android.dx.rop.code.RegisterSpec.withSimpleType()Lcom/android/dx/rop/code/RegisterSpec; @ 21
Event: 7.645 Thread 0x000000000255e000 Uncommon trap: reason=bimorphic action=maybe_recompile pc=0x000000000f67d82c method=com.android.dx.rop.code.RegisterSpec.withSimpleType()Lcom/android/dx/rop/code/RegisterSpec; @ 21
Event: 7.648 Thread 0x000000000255e000 Uncommon trap: reason=bimorphic action=maybe_recompile pc=0x000000000f67d82c method=com.android.dx.rop.code.RegisterSpec.withSimpleType()Lcom/android/dx/rop/code/RegisterSpec; @ 21
Event: 7.650 Thread 0x000000000255e000 Uncommon trap: reason=bimorphic action=maybe_recompile pc=0x000000000f67d82c method=com.android.dx.rop.code.RegisterSpec.withSimpleType()Lcom/android/dx/rop/code/RegisterSpec; @ 21

Internal exceptions (5 events):
Event: 0.062 Thread 0x000000000255e000 Exception <a 'java/lang/NoSuchMethodError': Method sun.misc.Unsafe.defineClass(Ljava/lang/String;[BII)Ljava/lang/Class; name or signature does not match> (0x00000000eab12f48) thrown at [C:\re\workspace\8-2-build-windows-amd64-cygwin\jdk8u45\3627\hotspot\sr甬+汜石?
Event: 0.062 Thread 0x000000000255e000 Exception <a 'java/lang/NoSuchMethodError': Method sun.misc.Unsafe.prefetchRead(Ljava/lang/Object;J)V name or signature does not match> (0x00000000eab131d8) thrown at [C:\re\workspace\8-2-build-windows-amd64-cygwin\jdk8u45\3627\hotspot\src\share\vm\prims\jLLgYL@
Event: 5.325 Thread 0x000000000255e000 Exception <a 'java/lang/ArrayIndexOutOfBoundsException': 18> (0x00000000eb9dda38) thrown at [C:\re\workspace\8-2-build-windows-amd64-cygwin\jdk8u45\3627\hotspot\src\share\vm\interpreter\interpreterRuntime.cpp, line 366]
Event: 5.325 Thread 0x000000000255e000 Exception <a 'java/lang/ArrayIndexOutOfBoundsException'> (0x00000000eb9df508) thrown at [C:\re\workspace\8-2-build-windows-amd64-cygwin\jdk8u45\3627\hotspot\src\share\vm\runtime\sharedRuntime.cpp, line 605]
Event: 5.406 Thread 0x000000000255e000 Exception <a 'java/lang/ArrayIndexOutOfBoundsException'> (0x00000000eb9e0740) thrown at [C:\re\workspace\8-2-build-windows-amd64-cygwin\jdk8u45\3627\hotspot\src\share\vm\runtime\sharedRuntime.cpp, line 605]

Events (10 events):
Event: 7.646 Thread 0x000000000255e000 DEOPT PACKING pc=0x000000000f67d82c sp=0x00000000028ae7a0
Event: 7.646 Thread 0x000000000255e000 DEOPT UNPACKING pc=0x000000000f05582a sp=0x00000000028ae738 mode 2
Event: 7.648 Thread 0x000000000255e000 Uncommon trap: trap_request=0xffffffc6 fr.pc=0x000000000f67d82c
Event: 7.648 Thread 0x000000000255e000 DEOPT PACKING pc=0x000000000f67d82c sp=0x00000000028ae7a0
Event: 7.648 Thread 0x000000000255e000 DEOPT UNPACKING pc=0x000000000f05582a sp=0x00000000028ae738 mode 2
Event: 7.650 Thread 0x000000000255e000 Uncommon trap: trap_request=0xffffffc6 fr.pc=0x000000000f67d82c
Event: 7.650 Thread 0x000000000255e000 DEOPT PACKING pc=0x000000000f67d82c sp=0x00000000028ae6f0
Event: 7.650 Thread 0x000000000255e000 DEOPT UNPACKING pc=0x000000000f05582a sp=0x00000000028ae688 mode 2
Event: 7.701 Thread 0x000000000255e000 DEOPT PACKING pc=0x000000000f46af08 sp=0x00000000028ae690
Event: 7.701 Thread 0x000000000255e000 DEOPT UNPACKING pc=0x000000000f05787f sp=0x00000000028ae4c0 mode 0


Dynamic libraries:
0x000000013fec0000 - 0x000000013fef7000 	C:\Program Files\Java\jdk1.8.0_45\bin\java.exe
0x00000000770e0000 - 0x0000000077289000 	C:\windows\SYSTEM32\ntdll.dll
0x0000000076fc0000 - 0x00000000770df000 	C:\windows\system32\kernel32.dll
0x000007fefd630000 - 0x000007fefd69c000 	C:\windows\system32\KERNELBASE.dll
0x000007fefec60000 - 0x000007fefed3b000 	C:\windows\system32\ADVAPI32.dll
0x000007fefe910000 - 0x000007fefe9af000 	C:\windows\system32\msvcrt.dll
0x000007fefe9b0000 - 0x000007fefe9cf000 	C:\windows\SYSTEM32\sechost.dll
0x000007feff010000 - 0x000007feff13d000 	C:\windows\system32\RPCRT4.dll
0x0000000076b50000 - 0x0000000076c4a000 	C:\windows\system32\USER32.dll
0x000007fefe8a0000 - 0x000007fefe907000 	C:\windows\system32\GDI32.dll
0x000007feff1f0000 - 0x000007feff1fe000 	C:\windows\system32\LPK.dll
0x000007fefef20000 - 0x000007fefefe9000 	C:\windows\system32\USP10.dll
0x000007fefbb50000 - 0x000007fefbd44000 	C:\windows\WinSxS\amd64_microsoft.windows.common-controls_6595b64144ccf1df_6.0.7601.17514_none_fa396087175ac9ac\COMCTL32.dll
0x000007fefebe0000 - 0x000007fefec51000 	C:\windows\system32\SHLWAPI.dll
0x000007fefda90000 - 0x000007fefdabe000 	C:\windows\system32\IMM32.DLL
0x000007feff2e0000 - 0x000007feff3e9000 	C:\windows\system32\MSCTF.dll
0x000007fefd500000 - 0x000007fefd531000 	C:\Windows\system32\nvinitx.dll
0x000000000f000000 - 0x000000000f006000 	C:\Program Files\NVIDIA Corporation\CoProcManager\detoured.dll
0x000007fefa150000 - 0x000007fefa182000 	C:\Program Files\NVIDIA Corporation\CoProcManager\nvd3d9wrapx.dll
0x000007fefed40000 - 0x000007fefef17000 	C:\windows\system32\SETUPAPI.dll
0x000007fefd5f0000 - 0x000007fefd626000 	C:\windows\system32\CFGMGR32.dll
0x000007feff200000 - 0x000007feff2d7000 	C:\windows\system32\OLEAUT32.dll
0x000007fefe9d0000 - 0x000007fefebd3000 	C:\windows\system32\ole32.dll
0x000007fefd6a0000 - 0x000007fefd6ba000 	C:\windows\system32\DEVOBJ.dll
0x000007fefa120000 - 0x000007fefa142000 	C:\Program Files\NVIDIA Corporation\CoProcManager\nvdxgiwrapx.dll
0x00000000603d0000 - 0x00000000604a2000 	C:\Program Files\Java\jdk1.8.0_45\jre\bin\msvcr100.dll
0x0000000062140000 - 0x00000000629c3000 	C:\Program Files\Java\jdk1.8.0_45\jre\bin\server\jvm.dll
0x000007fef9cf0000 - 0x000007fef9cf9000 	C:\windows\system32\WSOCK32.dll
0x000007fefe850000 - 0x000007fefe89d000 	C:\windows\system32\WS2_32.dll
0x000007feff1e0000 - 0x000007feff1e8000 	C:\windows\system32\NSI.dll
0x000007fefa040000 - 0x000007fefa07b000 	C:\windows\system32\WINMM.dll
0x000007fefc730000 - 0x000007fefc73c000 	C:\windows\system32\VERSION.dll
0x00000000772a0000 - 0x00000000772a7000 	C:\windows\system32\PSAPI.DLL
0x00000000630f0000 - 0x00000000630ff000 	C:\Program Files\Java\jdk1.8.0_45\jre\bin\verify.dll
0x0000000062110000 - 0x0000000062139000 	C:\Program Files\Java\jdk1.8.0_45\jre\bin\java.dll
0x00000000630d0000 - 0x00000000630e6000 	C:\Program Files\Java\jdk1.8.0_45\jre\bin\zip.dll
0x000007fefdac0000 - 0x000007fefe848000 	C:\windows\system32\SHELL32.dll
0x000007fefd540000 - 0x000007fefd54f000 	C:\windows\system32\profapi.dll
0x000007fef0350000 - 0x000007fef0475000 	C:\windows\system32\dbghelp.dll

VM Arguments:
jvm_args: -Xmx1024M -Dfile.encoding=GBK -Duser.country=CN -Duser.language=zh -Duser.variant 
java_command: com.android.dx.command.Main --dex --output E:\AndroidStudioProjects\TrumpetApp\app\build\intermediates\pre-dexed\debug\classes-3bdba02ada0cf13ec067bcee9bad232b9b3efd81.jar E:\AndroidStudioProjects\TrumpetApp\app\build\intermediates\exploded-aar\com.android.support\appcompat-v7\22.2.0\jars\classes.jar
java_class_path (initial): C:\Users\Administrator\AppData\Local\Android\sdk\build-tools\22.0.1\lib\dx.jar
Launcher Type: SUN_STANDARD

Environment Variables:
JAVA_HOME=C:\Program Files\Java\jdk1.8.0_45
PATH=C:\ProgramData\Oracle\Java\javapath;C:\windows\system32;C:\windows;C:\windows\System32\Wbem;C:\windows\System32\WindowsPowerShell\v1.0\;%ANDROID_HOME%\tools;%ANDROID_HOME%\platform-tools;C:\Program Files\Java\jdk1.8.0_45\bin;D:\下载应用程序\gradle-2.4\bin;D:\下载应用程序\apache-maven-3.3.3\bin
USERNAME=Administrator
OS=Windows_NT
PROCESSOR_IDENTIFIER=Intel64 Family 6 Model 60 Stepping 3, GenuineIntel



---------------  S Y S T E M  ---------------

OS: Windows 7 , 64 bit Build 7601 (6.1.7601.18409)

CPU:total 4 (2 cores per cpu, 2 threads per core) family 6 model 60 stepping 3, cmov, cx8, fxsr, mmx, sse, sse2, sse3, ssse3, sse4.1, sse4.2, popcnt, avx, avx2, aes, clmul, erms, lzcnt, ht, tsc, tscinvbit, bmi1, bmi2

Memory: 4k page, physical 4120932k(336464k free), swap 6216220k(5080k free)

vm_info: Java HotSpot(TM) 64-Bit Server VM (25.45-b02) for windows-amd64 JRE (1.8.0_45-b15), built on Apr 30 2015 12:40:44 by "java_re" with MS VC++ 10.0 (VS2010)

time: Mon Jul 06 21:04:03 2015
elapsed time: 7 seconds (0d 0h 0m 7s)

