#
# There is insufficient memory for the Java Runtime Environment to continue.
# Native memory allocation (malloc) failed to allocate 1048576 bytes for AllocateHeap
# Possible reasons:
#   The system is out of physical RAM or swap space
#   In 32 bit mode, the process size limit was hit
# Possible solutions:
#   Reduce memory load on the system
#   Increase physical memory or swap space
#   Check if swap backing store is full
#   Use 64 bit Java on a 64 bit OS
#   Decrease Java heap size (-Xmx/-Xms)
#   Decrease number of Java threads
#   Decrease Java thread stack sizes (-Xss)
#   Set larger code cache with -XX:ReservedCodeCacheSize=
# This output file may be truncated or incomplete.
#
#  Out of Memory Error (memory/allocation.inline.hpp:61), pid=4704, tid=7864
#
# JRE version:  (8.0_45-b15) (build )
# Java VM: Java HotSpot(TM) 64-Bit Server VM (25.45-b02 mixed mode windows-amd64 compressed oops)
# Failed to write core dump. Minidumps are not enabled by default on client versions of Windows
#

---------------  T H R E A D  ---------------

Current thread (0x000000000258e000):  JavaThread "Unknown thread" [_thread_in_vm, id=7864, stack(0x0000000002660000,0x0000000002760000)]

Stack: [0x0000000002660000,0x0000000002760000]
[error occurred during error reporting (printing stack bounds), id 0xc0000005]

Native frames: (J=compiled Java code, j=interpreted, Vv=VM code, C=native code)
V  [jvm.dll+0x32b57a]


---------------  P R O C E S S  ---------------

Java Threads: ( => current thread )

Other Threads:

=>0x000000000258e000 (exited) JavaThread "Unknown thread" [_thread_in_vm, id=7864, stack(0x0000000002660000,0x0000000002760000)]

VM state:not at safepoint (normal execution)

VM Mutex/Monitor currently owned by a thread: None

Heap:
 PSYoungGen      total 18944K, used 327K [0x00000000eab00000, 0x00000000ec000000, 0x0000000100000000)
  eden space 16384K, 2% used [0x00000000eab00000,0x00000000eab51ec8,0x00000000ebb00000)
  from space 2560K, 0% used [0x00000000ebd80000,0x00000000ebd80000,0x00000000ec000000)
  to   space 2560K, 0% used [0x00000000ebb00000,0x00000000ebb00000,0x00000000ebd80000)
 ParOldGen       total 44032K, used 0K [0x00000000c0000000, 0x00000000c2b00000, 0x00000000eab00000)
  object space 44032K, 0% used [0x00000000c0000000,0x00000000c0000000,0x00000000c2b00000)
 Metaspace       used 766K, capacity 4480K, committed 4480K, reserved 1056768K
  class space    used 75K, capacity 384K, committed 384K, reserved 1048576K

Card table byte_map: [0x0000000002bb0000,0x0000000002dc0000] byte_map_base: 0x00000000025b0000

Marking Bits: (ParMarkBitMap*) 0x0000000062944040
 Begin Bits: [0x00000000034d0000, 0x00000000044d0000)
 End Bits:   [0x00000000044d0000, 0x00000000054d0000)

Polling page: 0x0000000000130000

CodeCache: size=245760Kb used=328Kb max_used=328Kb free=245431Kb
 bounds [0x000000000f010000, 0x000000000f280000, 0x000000001e010000]
 total_blobs=57 nmethods=0 adapters=37
 compilation: enabled

Compilation events (0 events):
No events

GC Heap History (0 events):
No events

Deoptimization events (0 events):
No events

Internal exceptions (0 events):
No events

Events (10 events):
Event: 0.068 loading class java/lang/Short
Event: 0.068 loading class java/lang/Short done
Event: 0.068 loading class java/lang/Integer
Event: 0.068 loading class java/lang/Integer done
Event: 0.068 loading class java/lang/Long
Event: 0.068 loading class java/lang/Long done
Event: 0.069 loading class java/lang/NullPointerException
Event: 0.069 loading class java/lang/NullPointerException done
Event: 0.069 loading class java/lang/ArithmeticException
Event: 0.069 loading class java/lang/ArithmeticException done


Dynamic libraries:
0x000000013fec0000 - 0x000000013fef7000 	C:\Program Files\Java\jdk1.8.0_45\bin\java.exe
0x00000000770e0000 - 0x0000000077289000 	C:\windows\SYSTEM32\ntdll.dll
0x0000000076fc0000 - 0x00000000770df000 	C:\windows\system32\kernel32.dll
0x000007fefd630000 - 0x000007fefd69c000 	C:\windows\system32\KERNELBASE.dll
0x000007fefec60000 - 0x000007fefed3b000 	C:\windows\system32\ADVAPI32.dll
0x000007fefe910000 - 0x000007fefe9af000 	C:\windows\system32\msvcrt.dll
0x000007fefe9b0000 - 0x000007fefe9cf000 	C:\windows\SYSTEM32\sechost.dll
0x000007feff010000 - 0x000007feff13d000 	C:\windows\system32\RPCRT4.dll
0x0000000076b50000 - 0x0000000076c4a000 	C:\windows\system32\USER32.dll
0x000007fefe8a0000 - 0x000007fefe907000 	C:\windows\system32\GDI32.dll
0x000007feff1f0000 - 0x000007feff1fe000 	C:\windows\system32\LPK.dll
0x000007fefef20000 - 0x000007fefefe9000 	C:\windows\system32\USP10.dll
0x000007fefbb50000 - 0x000007fefbd44000 	C:\windows\WinSxS\amd64_microsoft.windows.common-controls_6595b64144ccf1df_6.0.7601.17514_none_fa396087175ac9ac\COMCTL32.dll
0x000007fefebe0000 - 0x000007fefec51000 	C:\windows\system32\SHLWAPI.dll
0x000007fefda90000 - 0x000007fefdabe000 	C:\windows\system32\IMM32.DLL
0x000007feff2e0000 - 0x000007feff3e9000 	C:\windows\system32\MSCTF.dll
0x000007fefd500000 - 0x000007fefd531000 	C:\Windows\system32\nvinitx.dll
0x000000000f000000 - 0x000000000f006000 	C:\Program Files\NVIDIA Corporation\CoProcManager\detoured.dll
0x000007fefa150000 - 0x000007fefa182000 	C:\Program Files\NVIDIA Corporation\CoProcManager\nvd3d9wrapx.dll
0x000007fefed40000 - 0x000007fefef17000 	C:\windows\system32\SETUPAPI.dll
0x000007fefd5f0000 - 0x000007fefd626000 	C:\windows\system32\CFGMGR32.dll
0x000007feff200000 - 0x000007feff2d7000 	C:\windows\system32\OLEAUT32.dll
0x000007fefe9d0000 - 0x000007fefebd3000 	C:\windows\system32\ole32.dll
0x000007fefd6a0000 - 0x000007fefd6ba000 	C:\windows\system32\DEVOBJ.dll
0x000007fefa120000 - 0x000007fefa142000 	C:\Program Files\NVIDIA Corporation\CoProcManager\nvdxgiwrapx.dll
0x00000000603d0000 - 0x00000000604a2000 	C:\Program Files\Java\jdk1.8.0_45\jre\bin\msvcr100.dll
0x0000000062140000 - 0x00000000629c3000 	C:\Program Files\Java\jdk1.8.0_45\jre\bin\server\jvm.dll
0x000007fef9cf0000 - 0x000007fef9cf9000 	C:\windows\system32\WSOCK32.dll
0x000007fefe850000 - 0x000007fefe89d000 	C:\windows\system32\WS2_32.dll
0x000007feff1e0000 - 0x000007feff1e8000 	C:\windows\system32\NSI.dll
0x000007fefa040000 - 0x000007fefa07b000 	C:\windows\system32\WINMM.dll
0x000007fefc730000 - 0x000007fefc73c000 	C:\windows\system32\VERSION.dll
0x00000000772a0000 - 0x00000000772a7000 	C:\windows\system32\PSAPI.DLL
0x00000000630f0000 - 0x00000000630ff000 	C:\Program Files\Java\jdk1.8.0_45\jre\bin\verify.dll
0x0000000062110000 - 0x0000000062139000 	C:\Program Files\Java\jdk1.8.0_45\jre\bin\java.dll
0x00000000630d0000 - 0x00000000630e6000 	C:\Program Files\Java\jdk1.8.0_45\jre\bin\zip.dll

VM Arguments:
jvm_args: -Xmx1024M -Dfile.encoding=GBK -Duser.country=CN -Duser.language=zh -Duser.variant 
java_command: com.android.dx.command.Main --dex --output E:\AndroidStudioProjects\TrumpetApp\app\build\intermediates\pre-dexed\debug\classes-074e96565b5b52891bea1bf39204e9c03a06acba.jar E:\AndroidStudioProjects\TrumpetApp\app\build\intermediates\exploded-aar\com.android.support\support-v4\22.2.0\jars\classes.jar
java_class_path (initial): C:\Users\Administrator\AppData\Local\Android\sdk\build-tools\22.0.1\lib\dx.jar
Launcher Type: SUN_STANDARD

Environment Variables:
JAVA_HOME=C:\Program Files\Java\jdk1.8.0_45
PATH=C:\ProgramData\Oracle\Java\javapath;C:\windows\system32;C:\windows;C:\windows\System32\Wbem;C:\windows\System32\WindowsPowerShell\v1.0\;%ANDROID_HOME%\tools;%ANDROID_HOME%\platform-tools;C:\Program Files\Java\jdk1.8.0_45\bin;D:\下载应用程序\gradle-2.4\bin;D:\下载应用程序\apache-maven-3.3.3\bin
USERNAME=Administrator
OS=Windows_NT
PROCESSOR_IDENTIFIER=Intel64 Family 6 Model 60 Stepping 3, GenuineIntel



---------------  S Y S T E M  ---------------

OS: Windows 7 , 64 bit Build 7601 (6.1.7601.18409)

CPU:total 4 (2 cores per cpu, 2 threads per core) family 6 model 60 stepping 3, cmov, cx8, fxsr, mmx, sse, sse2, sse3, ssse3, sse4.1, sse4.2, popcnt, avx, avx2, aes, clmul, erms, lzcnt, ht, tsc, tscinvbit, bmi1, bmi2

Memory: 4k page, physical 4120932k(218616k free), swap 6216220k(5056k free)

vm_info: Java HotSpot(TM) 64-Bit Server VM (25.45-b02) for windows-amd64 JRE (1.8.0_45-b15), built on Apr 30 2015 12:40:44 by "java_re" with MS VC++ 10.0 (VS2010)

time: Mon Jul 06 10:10:49 2015
elapsed time: 0 seconds (0d 0h 0m 0s)

