#
# There is insufficient memory for the Java Runtime Environment to continue.
# Native memory allocation (malloc) failed to allocate 374496 bytes for Chunk::new
# Possible reasons:
#   The system is out of physical RAM or swap space
#   In 32 bit mode, the process size limit was hit
# Possible solutions:
#   Reduce memory load on the system
#   Increase physical memory or swap space
#   Check if swap backing store is full
#   Use 64 bit Java on a 64 bit OS
#   Decrease Java heap size (-Xmx/-Xms)
#   Decrease number of Java threads
#   Decrease Java thread stack sizes (-Xss)
#   Set larger code cache with -XX:ReservedCodeCacheSize=
# This output file may be truncated or incomplete.
#
#  Out of Memory Error (allocation.cpp:390), pid=10080, tid=6892
#
# JRE version: Java(TM) SE Runtime Environment (8.0_45-b15) (build 1.8.0_45-b15)
# Java VM: Java HotSpot(TM) 64-Bit Server VM (25.45-b02 mixed mode windows-amd64 compressed oops)
# Failed to write core dump. Minidumps are not enabled by default on client versions of Windows
#

---------------  T H R E A D  ---------------

Current thread (0x0000000007406000):  JavaThread "C2 CompilerThread1" daemon [_thread_in_native, id=6892, stack(0x0000000007c00000,0x0000000007d00000)]

Stack: [0x0000000007c00000,0x0000000007d00000]
[error occurred during error reporting (printing stack bounds), id 0xc0000005]

Native frames: (J=compiled Java code, j=interpreted, Vv=VM code, C=native code)
V  [jvm.dll+0x32b57a]
V  [jvm.dll+0x279873]
V  [jvm.dll+0x27a509]
V  [jvm.dll+0x2934e6]
V  [jvm.dll+0x297e0c]
V  [jvm.dll+0x5ca86f]
C  [msvcr100.dll+0x712e3]
V  [jvm.dll+0x5c9f6d]
C  [ntdll.dll+0x29d2d]
C  [ntdll.dll+0x191cf]
C  [ntdll.dll+0x51248]
V  [jvm.dll+0x21bcd1]


Current CompileTask:
C2:  15157  758   !   4       com.android.dx.rop.code.RegisterSpec::intern (70 bytes)


---------------  P R O C E S S  ---------------

Java Threads: ( => current thread )
  0x0000000007473000 JavaThread "Service Thread" daemon [_thread_blocked, id=2556, stack(0x0000000007f30000,0x0000000008030000)]
  0x000000000740f000 JavaThread "C1 CompilerThread2" daemon [_thread_blocked, id=6920, stack(0x0000000007e10000,0x0000000007f10000)]
=>0x0000000007406000 JavaThread "C2 CompilerThread1" daemon [_thread_in_native, id=6892, stack(0x0000000007c00000,0x0000000007d00000)]
  0x0000000005f9d000 JavaThread "C2 CompilerThread0" daemon [_thread_in_native, id=9808, stack(0x00000000079d0000,0x0000000007ad0000)]
  0x0000000005f9c000 JavaThread "Attach Listener" daemon [_thread_blocked, id=1972, stack(0x0000000007ad0000,0x0000000007bd0000)]
  0x00000000073f8800 JavaThread "Signal Dispatcher" daemon [_thread_blocked, id=2700, stack(0x0000000007820000,0x0000000007920000)]
  0x0000000005f38800 JavaThread "Finalizer" daemon [_thread_blocked, id=936, stack(0x00000000072f0000,0x00000000073f0000)]
  0x0000000005f2f800 JavaThread "Reference Handler" daemon [_thread_blocked, id=7772, stack(0x0000000007150000,0x0000000007250000)]
  0x00000000024de000 JavaThread "main" [_thread_in_native, id=7136, stack(0x0000000002840000,0x0000000002940000)]

Other Threads:
  0x0000000005f2a000 VMThread [stack: 0x0000000007030000,0x0000000007130000] [id=2560]
  0x0000000007477800 WatcherThread [stack: 0x0000000008200000,0x0000000008300000] [id=4904]

VM state:not at safepoint (normal execution)

VM Mutex/Monitor currently owned by a thread: None

Heap:
 PSYoungGen      total 18944K, used 10595K [0x00000000eab00000, 0x00000000ec000000, 0x0000000100000000)
  eden space 16384K, 49% used [0x00000000eab00000,0x00000000eb2db410,0x00000000ebb00000)
  from space 2560K, 99% used [0x00000000ebb00000,0x00000000ebd7db18,0x00000000ebd80000)
  to   space 2560K, 0% used [0x00000000ebd80000,0x00000000ebd80000,0x00000000ec000000)
 ParOldGen       total 44032K, used 12618K [0x00000000c0000000, 0x00000000c2b00000, 0x00000000eab00000)
  object space 44032K, 28% used [0x00000000c0000000,0x00000000c0c52bb0,0x00000000c2b00000)
 Metaspace       used 6129K, capacity 7088K, committed 7296K, reserved 1056768K
  class space    used 608K, capacity 616K, committed 640K, reserved 1048576K

Card table byte_map: [0x0000000002d00000,0x0000000002f10000] byte_map_base: 0x0000000002700000

Marking Bits: (ParMarkBitMap*) 0x0000000062944040
 Begin Bits: [0x00000000033a0000, 0x00000000043a0000)
 End Bits:   [0x00000000043a0000, 0x00000000053a0000)

Polling page: 0x0000000002060000

CodeCache: size=245760Kb used=3939Kb max_used=3939Kb free=241820Kb
 bounds [0x000000000f010000, 0x000000000f3f0000, 0x000000001e010000]
 total_blobs=1290 nmethods=1009 adapters=187
 compilation: enabled

Compilation events (10 events):
Event: 0.845 Thread 0x000000000740f000 nmethod 757 0x000000000f329550 code [0x000000000f329760, 0x000000000f32a3a8]
Event: 0.845 Thread 0x000000000740f000  751       3       com.android.dx.rop.code.LocalItem::compareTo (9 bytes)
Event: 0.845 Thread 0x0000000005f9d000 nmethod 756 0x000000000f31f990 code [0x000000000f31fae0, 0x000000000f31fd58]
Event: 0.845 Thread 0x000000000740f000 nmethod 751 0x000000000f32cb50 code [0x000000000f32cd00, 0x000000000f32d3d8]
Event: 0.845 Thread 0x000000000740f000  753       3       com.android.dx.ssa.back.InterferenceGraph::mergeInterferenceSet (29 bytes)
Event: 0.846 Thread 0x000000000740f000 nmethod 753 0x000000000f32bfd0 code [0x000000000f32c1a0, 0x000000000f32c748]
Event: 0.846 Thread 0x000000000740f000  754       3       com.android.dx.util.BitIntSet::merge (148 bytes)
Event: 0.847 Thread 0x000000000740f000 nmethod 754 0x000000000f32d650 code [0x000000000f32d900, 0x000000000f32eaa8]
Event: 0.847 Thread 0x000000000740f000  744       1       com.android.dx.dex.code.RopTranslator::access$500 (5 bytes)
Event: 0.847 Thread 0x000000000740f000 nmethod 744 0x000000000f31f6d0 code [0x000000000f31f820, 0x000000000f31f910]

GC Heap History (0 events):
No events

Deoptimization events (1 events):
Event: 0.678 Thread 0x00000000024de000 Uncommon trap: reason=unstable_if action=reinterpret pc=0x000000000f2174b4 method=java.util.HashMap.getNode(ILjava/lang/Object;)Ljava/util/HashMap$Node; @ 129

Internal exceptions (2 events):
Event: 0.059 Thread 0x00000000024de000 Exception <a 'java/lang/NoSuchMethodError': Method sun.misc.Unsafe.defineClass(Ljava/lang/String;[BII)Ljava/lang/Class; name or signature does not match> (0x00000000eab12f48) thrown at [C:\re\workspace\8-2-build-windows-amd64-cygwin\jdk8u45\3627\hotspot\srÄüæ¢}Æ?
Event: 0.060 Thread 0x00000000024de000 Exception <a 'java/lang/NoSuchMethodError': Method sun.misc.Unsafe.prefetchRead(Ljava/lang/Object;J)V name or signature does not match> (0x00000000eab131d8) thrown at [C:\re\workspace\8-2-build-windows-amd64-cygwin\jdk8u45\3627\hotspot\src\share\vm\prims\j

Events (10 events):
Event: 0.755 loading class java/util/ArrayList$1
Event: 0.755 loading class java/util/ArrayList$1 done
Event: 0.796 Executing VM operation: ForceSafepoint
Event: 0.796 Executing VM operation: ForceSafepoint done
Event: 0.828 loading class com/android/dx/cf/code/Ropper$ExceptionHandlerSetup
Event: 0.828 loading class com/android/dx/cf/code/Ropper$ExceptionHandlerSetup done
Event: 0.829 loading class java/util/HashMap$Values
Event: 0.830 loading class java/util/HashMap$Values done
Event: 0.830 loading class java/util/HashMap$ValueIterator
Event: 0.830 loading class java/util/HashMap$ValueIterator done


Dynamic libraries:
0x000000013fec0000 - 0x000000013fef7000 	C:\Program Files\Java\jdk1.8.0_45\bin\java.exe
0x00000000770e0000 - 0x0000000077289000 	C:\windows\SYSTEM32\ntdll.dll
0x0000000076fc0000 - 0x00000000770df000 	C:\windows\system32\kernel32.dll
0x000007fefd630000 - 0x000007fefd69c000 	C:\windows\system32\KERNELBASE.dll
0x000007fefec60000 - 0x000007fefed3b000 	C:\windows\system32\ADVAPI32.dll
0x000007fefe910000 - 0x000007fefe9af000 	C:\windows\system32\msvcrt.dll
0x000007fefe9b0000 - 0x000007fefe9cf000 	C:\windows\SYSTEM32\sechost.dll
0x000007feff010000 - 0x000007feff13d000 	C:\windows\system32\RPCRT4.dll
0x0000000076b50000 - 0x0000000076c4a000 	C:\windows\system32\USER32.dll
0x000007fefe8a0000 - 0x000007fefe907000 	C:\windows\system32\GDI32.dll
0x000007feff1f0000 - 0x000007feff1fe000 	C:\windows\system32\LPK.dll
0x000007fefef20000 - 0x000007fefefe9000 	C:\windows\system32\USP10.dll
0x000007fefbb50000 - 0x000007fefbd44000 	C:\windows\WinSxS\amd64_microsoft.windows.common-controls_6595b64144ccf1df_6.0.7601.17514_none_fa396087175ac9ac\COMCTL32.dll
0x000007fefebe0000 - 0x000007fefec51000 	C:\windows\system32\SHLWAPI.dll
0x000007fefda90000 - 0x000007fefdabe000 	C:\windows\system32\IMM32.DLL
0x000007feff2e0000 - 0x000007feff3e9000 	C:\windows\system32\MSCTF.dll
0x000007fefd500000 - 0x000007fefd531000 	C:\Windows\system32\nvinitx.dll
0x000000000f000000 - 0x000000000f006000 	C:\Program Files\NVIDIA Corporation\CoProcManager\detoured.dll
0x000007fefa150000 - 0x000007fefa182000 	C:\Program Files\NVIDIA Corporation\CoProcManager\nvd3d9wrapx.dll
0x000007fefed40000 - 0x000007fefef17000 	C:\windows\system32\SETUPAPI.dll
0x000007fefd5f0000 - 0x000007fefd626000 	C:\windows\system32\CFGMGR32.dll
0x000007feff200000 - 0x000007feff2d7000 	C:\windows\system32\OLEAUT32.dll
0x000007fefe9d0000 - 0x000007fefebd3000 	C:\windows\system32\ole32.dll
0x000007fefd6a0000 - 0x000007fefd6ba000 	C:\windows\system32\DEVOBJ.dll
0x000007fefa120000 - 0x000007fefa142000 	C:\Program Files\NVIDIA Corporation\CoProcManager\nvdxgiwrapx.dll
0x00000000603d0000 - 0x00000000604a2000 	C:\Program Files\Java\jdk1.8.0_45\jre\bin\msvcr100.dll
0x0000000062140000 - 0x00000000629c3000 	C:\Program Files\Java\jdk1.8.0_45\jre\bin\server\jvm.dll
0x000007fef9cf0000 - 0x000007fef9cf9000 	C:\windows\system32\WSOCK32.dll
0x000007fefe850000 - 0x000007fefe89d000 	C:\windows\system32\WS2_32.dll
0x000007feff1e0000 - 0x000007feff1e8000 	C:\windows\system32\NSI.dll
0x000007fefa040000 - 0x000007fefa07b000 	C:\windows\system32\WINMM.dll
0x000007fefc730000 - 0x000007fefc73c000 	C:\windows\system32\VERSION.dll
0x00000000772a0000 - 0x00000000772a7000 	C:\windows\system32\PSAPI.DLL
0x00000000630f0000 - 0x00000000630ff000 	C:\Program Files\Java\jdk1.8.0_45\jre\bin\verify.dll
0x0000000062110000 - 0x0000000062139000 	C:\Program Files\Java\jdk1.8.0_45\jre\bin\java.dll
0x00000000630d0000 - 0x00000000630e6000 	C:\Program Files\Java\jdk1.8.0_45\jre\bin\zip.dll
0x000007fefdac0000 - 0x000007fefe848000 	C:\windows\system32\SHELL32.dll
0x000007fefd540000 - 0x000007fefd54f000 	C:\windows\system32\profapi.dll
0x000007fef0350000 - 0x000007fef0475000 	C:\windows\system32\dbghelp.dll

VM Arguments:
jvm_args: -Xmx1024M -Dfile.encoding=GBK -Duser.country=CN -Duser.language=zh -Duser.variant 
java_command: com.android.dx.command.Main --dex --output E:\AndroidStudioProjects\TrumpetApp\app\build\intermediates\pre-dexed\debug\spring-android-rest-template-2.0.0.M1-8757f80c2918ceeec235a2bcb762056ecf5aabd2.jar E:\AndroidStudioProjects\TrumpetApp\app\libs\spring-android-rest-template-2.0.0.M1.jar
java_class_path (initial): C:\Users\Administrator\AppData\Local\Android\sdk\build-tools\22.0.1\lib\dx.jar
Launcher Type: SUN_STANDARD

Environment Variables:
JAVA_HOME=C:\Program Files\Java\jdk1.8.0_45
PATH=C:\ProgramData\Oracle\Java\javapath;C:\windows\system32;C:\windows;C:\windows\System32\Wbem;C:\windows\System32\WindowsPowerShell\v1.0\;%ANDROID_HOME%\tools;%ANDROID_HOME%\platform-tools;C:\Program Files\Java\jdk1.8.0_45\bin;D:\œ¬‘ÿ”¶”√≥Ã–Ú\gradle-2.4\bin;D:\œ¬‘ÿ”¶”√≥Ã–Ú\apache-maven-3.3.3\bin
USERNAME=Administrator
OS=Windows_NT
PROCESSOR_IDENTIFIER=Intel64 Family 6 Model 60 Stepping 3, GenuineIntel



---------------  S Y S T E M  ---------------

OS: Windows 7 , 64 bit Build 7601 (6.1.7601.18409)

CPU:total 4 (2 cores per cpu, 2 threads per core) family 6 model 60 stepping 3, cmov, cx8, fxsr, mmx, sse, sse2, sse3, ssse3, sse4.1, sse4.2, popcnt, avx, avx2, aes, clmul, erms, lzcnt, ht, tsc, tscinvbit, bmi1, bmi2

Memory: 4k page, physical 4120932k(152440k free), swap 6216220k(40248k free)

vm_info: Java HotSpot(TM) 64-Bit Server VM (25.45-b02) for windows-amd64 JRE (1.8.0_45-b15), built on Apr 30 2015 12:40:44 by "java_re" with MS VC++ 10.0 (VS2010)

time: Mon Jul 06 21:02:53 2015
elapsed time: 16 seconds (0d 0h 0m 16s)

