#
# There is insufficient memory for the Java Runtime Environment to continue.
# Native memory allocation (malloc) failed to allocate 934976 bytes for Chunk::new
# Possible reasons:
#   The system is out of physical RAM or swap space
#   In 32 bit mode, the process size limit was hit
# Possible solutions:
#   Reduce memory load on the system
#   Increase physical memory or swap space
#   Check if swap backing store is full
#   Use 64 bit Java on a 64 bit OS
#   Decrease Java heap size (-Xmx/-Xms)
#   Decrease number of Java threads
#   Decrease Java thread stack sizes (-Xss)
#   Set larger code cache with -XX:ReservedCodeCacheSize=
# This output file may be truncated or incomplete.
#
#  Out of Memory Error (allocation.cpp:390), pid=8532, tid=9552
#
# JRE version: Java(TM) SE Runtime Environment (8.0_45-b15) (build 1.8.0_45-b15)
# Java VM: Java HotSpot(TM) 64-Bit Server VM (25.45-b02 mixed mode windows-amd64 compressed oops)
# Failed to write core dump. Minidumps are not enabled by default on client versions of Windows
#

---------------  T H R E A D  ---------------

Current thread (0x0000000007926800):  JavaThread "C2 CompilerThread1" daemon [_thread_in_native, id=9552, stack(0x0000000008170000,0x0000000008270000)]

Stack: [0x0000000008170000,0x0000000008270000]
[error occurred during error reporting (printing stack bounds), id 0xc0000005]

Native frames: (J=compiled Java code, j=interpreted, Vv=VM code, C=native code)
V  [jvm.dll+0x32b57a]


Current CompileTask:
C2:   2099 1239       4       com.android.dx.ssa.SCCP::simulateStmt (481 bytes)


---------------  P R O C E S S  ---------------

Java Threads: ( => current thread )
  0x0000000007936800 JavaThread "Service Thread" daemon [_thread_blocked, id=10152, stack(0x0000000008550000,0x0000000008650000)]
  0x0000000007930000 JavaThread "C1 CompilerThread2" daemon [_thread_blocked, id=7472, stack(0x00000000083c0000,0x00000000084c0000)]
=>0x0000000007926800 JavaThread "C2 CompilerThread1" daemon [_thread_in_native, id=9552, stack(0x0000000008170000,0x0000000008270000)]
  0x00000000064eb000 JavaThread "C2 CompilerThread0" daemon [_thread_blocked, id=6924, stack(0x0000000007fa0000,0x00000000080a0000)]
  0x00000000078cb800 JavaThread "Attach Listener" daemon [_thread_blocked, id=10212, stack(0x0000000007d90000,0x0000000007e90000)]
  0x00000000078c8800 JavaThread "Signal Dispatcher" daemon [_thread_blocked, id=5760, stack(0x0000000007630000,0x0000000007730000)]
  0x0000000006481000 JavaThread "Finalizer" daemon [_thread_blocked, id=10108, stack(0x00000000077c0000,0x00000000078c0000)]
  0x000000000647f800 JavaThread "Reference Handler" daemon [_thread_blocked, id=7568, stack(0x0000000007510000,0x0000000007610000)]
  0x00000000026ce000 JavaThread "main" [_thread_blocked, id=8604, stack(0x0000000002830000,0x0000000002930000)]

Other Threads:
  0x000000000647a000 VMThread [stack: 0x00000000073f0000,0x00000000074f0000] [id=1812]
  0x000000000793b000 WatcherThread [stack: 0x00000000082b0000,0x00000000083b0000] [id=2444]

VM state:at safepoint (normal execution)

VM Mutex/Monitor currently owned by a thread:  ([mutex/lock_event])
[0x00000000026cc210] Threads_lock - owner thread: 0x000000000647a000
[0x00000000026cc710] Heap_lock - owner thread: 0x00000000026ce000

Heap:
 PSYoungGen      total 18944K, used 18919K [0x00000000eab00000, 0x00000000ed000000, 0x0000000100000000)
  eden space 16384K, 100% used [0x00000000eab00000,0x00000000ebb00000,0x00000000ebb00000)
  from space 2560K, 99% used [0x00000000ebb00000,0x00000000ebd79c98,0x00000000ebd80000)
  to   space 2560K, 98% used [0x00000000ecd80000,0x00000000ecff8ab8,0x00000000ed000000)
 ParOldGen       total 44032K, used 4065K [0x00000000c0000000, 0x00000000c2b00000, 0x00000000eab00000)
  object space 44032K, 9% used [0x00000000c0000000,0x00000000c03f8518,0x00000000c2b00000)
 Metaspace       used 5772K, capacity 6960K, committed 7040K, reserved 1056768K
  class space    used 549K, capacity 616K, committed 640K, reserved 1048576K

Card table byte_map: [0x0000000002cf0000,0x0000000002f00000] byte_map_base: 0x00000000026f0000

Marking Bits: (ParMarkBitMap*) 0x0000000062944040
 Begin Bits: [0x00000000038f0000, 0x00000000048f0000)
 End Bits:   [0x00000000048f0000, 0x00000000058f0000)

Polling page: 0x0000000000330000

CodeCache: size=245760Kb used=5604Kb max_used=5612Kb free=240155Kb
 bounds [0x000000000f010000, 0x000000000f590000, 0x000000001e010000]
 total_blobs=1608 nmethods=1339 adapters=179
 compilation: enabled

Compilation events (10 events):
Event: 2.023 Thread 0x0000000007930000 1327       3       com.android.dx.dex.code.RopTranslator$LocalVariableAwareTranslationVisitor::<init> (17 bytes)
Event: 2.024 Thread 0x0000000007930000 nmethod 1327 0x000000000f57d910 code [0x000000000f57da80, 0x000000000f57dcd0]
Event: 2.024 Thread 0x0000000007930000 1328       3       com.android.dx.dex.code.StdCatchBuilder::<init> (62 bytes)
Event: 2.024 Thread 0x0000000007930000 nmethod 1328 0x000000000f57ddd0 code [0x000000000f57df80, 0x000000000f57e448]
Event: 2.024 Thread 0x0000000007930000 1329       3       com.android.dx.dex.code.OutputCollector::getFinisher (26 bytes)
Event: 2.024 Thread 0x0000000007930000 nmethod 1329 0x000000000f57e610 code [0x000000000f57e7a0, 0x000000000f57ea38]
Event: 2.024 Thread 0x0000000007930000 1330       3       com.android.dx.dex.code.DalvCode::<init> (68 bytes)
Event: 2.024 Thread 0x0000000007930000 nmethod 1330 0x000000000f57eb50 code [0x000000000f57ece0, 0x000000000f57f0f8]
Event: 2.030 Thread 0x0000000007930000 1331       3       com.android.dx.dex.cf.AttributeTranslator::getAnnotations0 (62 bytes)
Event: 2.030 Thread 0x0000000007930000 nmethod 1331 0x000000000f57f290 code [0x000000000f57f4c0, 0x000000000f580258]

GC Heap History (2 events):
Event: 1.389 GC heap before
{Heap before GC invocations=1 (full 0):
 PSYoungGen      total 18944K, used 16384K [0x00000000eab00000, 0x00000000ec000000, 0x0000000100000000)
  eden space 16384K, 100% used [0x00000000eab00000,0x00000000ebb00000,0x00000000ebb00000)
  from space 2560K, 0% used [0x00000000ebd80000,0x00000000ebd80000,0x00000000ec000000)
  to   space 2560K, 0% used [0x00000000ebb00000,0x00000000ebb00000,0x00000000ebd80000)
 ParOldGen       total 44032K, used 0K [0x00000000c0000000, 0x00000000c2b00000, 0x00000000eab00000)
  object space 44032K, 0% used [0x00000000c0000000,0x00000000c0000000,0x00000000c2b00000)
 Metaspace       used 5568K, capacity 6768K, committed 7040K, reserved 1056768K
  class space    used 546K, capacity 616K, committed 640K, reserved 1048576K
Event: 1.677 GC heap after
Heap after GC invocations=1 (full 0):
 PSYoungGen      total 18944K, used 2535K [0x00000000eab00000, 0x00000000ed000000, 0x0000000100000000)
  eden space 16384K, 0% used [0x00000000eab00000,0x00000000eab00000,0x00000000ebb00000)
  from space 2560K, 99% used [0x00000000ebb00000,0x00000000ebd79c98,0x00000000ebd80000)
  to   space 2560K, 0% used [0x00000000ecd80000,0x00000000ecd80000,0x00000000ed000000)
 ParOldGen       total 44032K, used 1763K [0x00000000c0000000, 0x00000000c2b00000, 0x00000000eab00000)
  object space 44032K, 4% used [0x00000000c0000000,0x00000000c01b8cc8,0x00000000c2b00000)
 Metaspace       used 5568K, capacity 6768K, committed 7040K, reserved 1056768K
  class space    used 546K, capacity 616K, committed 640K, reserved 1048576K
}

Deoptimization events (10 events):
Event: 1.169 Thread 0x00000000026ce000 Uncommon trap: reason=unstable_if action=reinterpret pc=0x000000000f367af0 method=java.util.HashMap.getNode(ILjava/lang/Object;)Ljava/util/HashMap$Node; @ 129
Event: 1.214 Thread 0x00000000026ce000 Uncommon trap: reason=class_check action=maybe_recompile pc=0x000000000f333764 method=com.android.dx.ssa.NormalSsaInsn.accept(Lcom/android/dx/ssa/SsaInsn$Visitor;)V @ 9
Event: 1.229 Thread 0x00000000026ce000 Uncommon trap: reason=unstable_if action=reinterpret pc=0x000000000f395388 method=java.util.HashMap.getNode(ILjava/lang/Object;)Ljava/util/HashMap$Node; @ 129
Event: 1.229 Thread 0x00000000026ce000 Uncommon trap: reason=unstable_if action=reinterpret pc=0x000000000f2e46c0 method=java.util.HashMap.getNode(ILjava/lang/Object;)Ljava/util/HashMap$Node; @ 129
Event: 1.729 Thread 0x00000000026ce000 Uncommon trap: reason=class_check action=maybe_recompile pc=0x000000000f333764 method=com.android.dx.ssa.NormalSsaInsn.accept(Lcom/android/dx/ssa/SsaInsn$Visitor;)V @ 9
Event: 1.729 Thread 0x00000000026ce000 Uncommon trap: reason=class_check action=maybe_recompile pc=0x000000000f2d71a0 method=com.android.dx.ssa.NormalSsaInsn.accept(Lcom/android/dx/ssa/SsaInsn$Visitor;)V @ 9
Event: 1.729 Thread 0x00000000026ce000 Uncommon trap: reason=class_check action=maybe_recompile pc=0x000000000f2d71a0 method=com.android.dx.ssa.NormalSsaInsn.accept(Lcom/android/dx/ssa/SsaInsn$Visitor;)V @ 9
Event: 1.729 Thread 0x00000000026ce000 Uncommon trap: reason=class_check action=maybe_recompile pc=0x000000000f333764 method=com.android.dx.ssa.NormalSsaInsn.accept(Lcom/android/dx/ssa/SsaInsn$Visitor;)V @ 9
Event: 1.863 Thread 0x00000000026ce000 Uncommon trap: reason=unstable_if action=reinterpret pc=0x000000000f253f60 method=java.util.BitSet.nextSetBit(I)I @ 87
Event: 1.916 Thread 0x00000000026ce000 Uncommon trap: reason=unstable_if action=reinterpret pc=0x000000000f302de4 method=java.util.BitSet.ensureCapacity(I)V @ 6

Internal exceptions (2 events):
Event: 0.098 Thread 0x00000000026ce000 Exception <a 'java/lang/NoSuchMethodError': Method sun.misc.Unsafe.defineClass(Ljava/lang/String;[BII)Ljava/lang/Class; name or signature does not match> (0x00000000eab12f48) thrown at [C:\re\workspace\8-2-build-windows-amd64-cygwin\jdk8u45\3627\hotspot\srâVúó2π?
Event: 0.098 Thread 0x00000000026ce000 Exception <a 'java/lang/NoSuchMethodError': Method sun.misc.Unsafe.prefetchRead(Ljava/lang/Object;J)V name or signature does not match> (0x00000000eab131d8) thrown at [C:\re\workspace\8-2-build-windows-amd64-cygwin\jdk8u45\3627\hotspot\src\share\vm\prims\j

Events (10 events):
Event: 1.851 loading class com/android/dx/cf/attrib/InnerClassList$Item
Event: 1.851 loading class com/android/dx/cf/attrib/InnerClassList$Item done
Event: 1.852 loading class com/android/dx/cf/attrib/AttInnerClasses
Event: 1.852 loading class com/android/dx/cf/attrib/AttInnerClasses done
Event: 1.863 Thread 0x00000000026ce000 Uncommon trap: trap_request=0xffffff65 fr.pc=0x000000000f253f60
Event: 1.863 Thread 0x00000000026ce000 DEOPT PACKING pc=0x000000000f253f60 sp=0x000000000292e940
Event: 1.863 Thread 0x00000000026ce000 DEOPT UNPACKING pc=0x000000000f05582a sp=0x000000000292e8d8 mode 2
Event: 1.916 Thread 0x00000000026ce000 Uncommon trap: trap_request=0xffffff65 fr.pc=0x000000000f302de4
Event: 1.916 Thread 0x00000000026ce000 DEOPT PACKING pc=0x000000000f302de4 sp=0x000000000292e910
Event: 1.916 Thread 0x00000000026ce000 DEOPT UNPACKING pc=0x000000000f05582a sp=0x000000000292e7f8 mode 2


Dynamic libraries:
0x000000013fec0000 - 0x000000013fef7000 	C:\Program Files\Java\jdk1.8.0_45\bin\java.exe
0x00000000770e0000 - 0x0000000077289000 	C:\windows\SYSTEM32\ntdll.dll
0x0000000076fc0000 - 0x00000000770df000 	C:\windows\system32\kernel32.dll
0x000007fefd630000 - 0x000007fefd69c000 	C:\windows\system32\KERNELBASE.dll
0x000007fefec60000 - 0x000007fefed3b000 	C:\windows\system32\ADVAPI32.dll
0x000007fefe910000 - 0x000007fefe9af000 	C:\windows\system32\msvcrt.dll
0x000007fefe9b0000 - 0x000007fefe9cf000 	C:\windows\SYSTEM32\sechost.dll
0x000007feff010000 - 0x000007feff13d000 	C:\windows\system32\RPCRT4.dll
0x0000000076b50000 - 0x0000000076c4a000 	C:\windows\system32\USER32.dll
0x000007fefe8a0000 - 0x000007fefe907000 	C:\windows\system32\GDI32.dll
0x000007feff1f0000 - 0x000007feff1fe000 	C:\windows\system32\LPK.dll
0x000007fefef20000 - 0x000007fefefe9000 	C:\windows\system32\USP10.dll
0x000007fefbb50000 - 0x000007fefbd44000 	C:\windows\WinSxS\amd64_microsoft.windows.common-controls_6595b64144ccf1df_6.0.7601.17514_none_fa396087175ac9ac\COMCTL32.dll
0x000007fefebe0000 - 0x000007fefec51000 	C:\windows\system32\SHLWAPI.dll
0x000007fefda90000 - 0x000007fefdabe000 	C:\windows\system32\IMM32.DLL
0x000007feff2e0000 - 0x000007feff3e9000 	C:\windows\system32\MSCTF.dll
0x000007fefd500000 - 0x000007fefd531000 	C:\Windows\system32\nvinitx.dll
0x000000000f000000 - 0x000000000f006000 	C:\Program Files\NVIDIA Corporation\CoProcManager\detoured.dll
0x000007fefa150000 - 0x000007fefa182000 	C:\Program Files\NVIDIA Corporation\CoProcManager\nvd3d9wrapx.dll
0x000007fefed40000 - 0x000007fefef17000 	C:\windows\system32\SETUPAPI.dll
0x000007fefd5f0000 - 0x000007fefd626000 	C:\windows\system32\CFGMGR32.dll
0x000007feff200000 - 0x000007feff2d7000 	C:\windows\system32\OLEAUT32.dll
0x000007fefe9d0000 - 0x000007fefebd3000 	C:\windows\system32\ole32.dll
0x000007fefd6a0000 - 0x000007fefd6ba000 	C:\windows\system32\DEVOBJ.dll
0x000007fefa120000 - 0x000007fefa142000 	C:\Program Files\NVIDIA Corporation\CoProcManager\nvdxgiwrapx.dll
0x00000000603d0000 - 0x00000000604a2000 	C:\Program Files\Java\jdk1.8.0_45\jre\bin\msvcr100.dll
0x0000000062140000 - 0x00000000629c3000 	C:\Program Files\Java\jdk1.8.0_45\jre\bin\server\jvm.dll
0x000007fef9cf0000 - 0x000007fef9cf9000 	C:\windows\system32\WSOCK32.dll
0x000007fefe850000 - 0x000007fefe89d000 	C:\windows\system32\WS2_32.dll
0x000007feff1e0000 - 0x000007feff1e8000 	C:\windows\system32\NSI.dll
0x000007fefa040000 - 0x000007fefa07b000 	C:\windows\system32\WINMM.dll
0x000007fefc730000 - 0x000007fefc73c000 	C:\windows\system32\VERSION.dll
0x00000000772a0000 - 0x00000000772a7000 	C:\windows\system32\PSAPI.DLL
0x00000000630f0000 - 0x00000000630ff000 	C:\Program Files\Java\jdk1.8.0_45\jre\bin\verify.dll
0x0000000062110000 - 0x0000000062139000 	C:\Program Files\Java\jdk1.8.0_45\jre\bin\java.dll
0x00000000630d0000 - 0x00000000630e6000 	C:\Program Files\Java\jdk1.8.0_45\jre\bin\zip.dll
0x000007fefdac0000 - 0x000007fefe848000 	C:\windows\system32\SHELL32.dll
0x000007fefd540000 - 0x000007fefd54f000 	C:\windows\system32\profapi.dll

VM Arguments:
jvm_args: -Xmx1024M -Dfile.encoding=GBK -Duser.country=CN -Duser.language=zh -Duser.variant 
java_command: com.android.dx.command.Main --dex --output E:\AndroidStudioProjects\TrumpetApp\app\build\intermediates\pre-dexed\debug\joda-time-2.8.1-c7cde18af046cc0544d409926e915cec37f30d3d.jar E:\AndroidStudioProjects\TrumpetApp\app\libs\joda-time-2.8.1.jar
java_class_path (initial): C:\Users\Administrator\AppData\Local\Android\sdk\build-tools\22.0.1\lib\dx.jar
Launcher Type: SUN_STANDARD

Environment Variables:
JAVA_HOME=C:\Program Files\Java\jdk1.8.0_45
PATH=C:\ProgramData\Oracle\Java\javapath;C:\windows\system32;C:\windows;C:\windows\System32\Wbem;C:\windows\System32\WindowsPowerShell\v1.0\;%ANDROID_HOME%\tools;%ANDROID_HOME%\platform-tools;C:\Program Files\Java\jdk1.8.0_45\bin;D:\œ¬‘ÿ”¶”√≥Ã–Ú\gradle-2.4\bin;D:\œ¬‘ÿ”¶”√≥Ã–Ú\apache-maven-3.3.3\bin
USERNAME=Administrator
OS=Windows_NT
PROCESSOR_IDENTIFIER=Intel64 Family 6 Model 60 Stepping 3, GenuineIntel



---------------  S Y S T E M  ---------------

OS: Windows 7 , 64 bit Build 7601 (6.1.7601.18409)

CPU:total 4 (2 cores per cpu, 2 threads per core) family 6 model 60 stepping 3, cmov, cx8, fxsr, mmx, sse, sse2, sse3, ssse3, sse4.1, sse4.2, popcnt, avx, avx2, aes, clmul, erms, lzcnt, ht, tsc, tscinvbit, bmi1, bmi2

Memory: 4k page, physical 4120932k(156008k free), swap 6216220k(5160k free)

vm_info: Java HotSpot(TM) 64-Bit Server VM (25.45-b02) for windows-amd64 JRE (1.8.0_45-b15), built on Apr 30 2015 12:40:44 by "java_re" with MS VC++ 10.0 (VS2010)

time: Mon Jul 06 21:03:18 2015
elapsed time: 2 seconds (0d 0h 0m 2s)

